#
# There is insufficient memory for the Java Runtime Environment to continue.
# Native memory allocation (malloc) failed to allocate 32744 bytes for ChunkPool::allocate
# Possible reasons:
#   The system is out of physical RAM or swap space
#   In 32 bit mode, the process size limit was hit
# Possible solutions:
#   Reduce memory load on the system
#   Increase physical memory or swap space
#   Check if swap backing store is full
#   Use 64 bit Java on a 64 bit OS
#   Decrease Java heap size (-Xmx/-Xms)
#   Decrease number of Java threads
#   Decrease Java thread stack sizes (-Xss)
#   Set larger code cache with -XX:ReservedCodeCacheSize=
# This output file may be truncated or incomplete.
#
#  Out of Memory Error (allocation.cpp:273), pid=5228, tid=0x000000000000466c
#
# JRE version: Java(TM) SE Runtime Environment (8.0_181-b13) (build 1.8.0_181-b13)
# Java VM: Java HotSpot(TM) 64-Bit Server VM (25.181-b13 mixed mode windows-amd64 compressed oops)
# Failed to write core dump. Minidumps are not enabled by default on client versions of Windows
#

---------------  T H R E A D  ---------------

Current thread (0x0000000019113800):  JavaThread "C2 CompilerThread1" daemon [_thread_in_native, id=18028, stack(0x000000001a840000,0x000000001a940000)]

Stack: [0x000000001a840000,0x000000001a940000]
[error occurred during error reporting (printing stack bounds), id 0xc0000005]

Native frames: (J=compiled Java code, j=interpreted, Vv=VM code, C=native code)


Current CompileTask:
C2:  38974 1743  s    4       java.io.BufferedInputStream::read (113 bytes)


---------------  P R O C E S S  ---------------

Java Threads: ( => current thread )
  0x000000001b03c800 JavaThread "DestroyJavaVM" [_thread_blocked, id=23264, stack(0x0000000002680000,0x0000000002780000)]
  0x000000001b03d800 JavaThread "Thread-5" [_thread_blocked, id=15208, stack(0x000000002ed70000,0x000000002ee70000)]
  0x000000001affd000 JavaThread "Prism Font Disposer" daemon [_thread_blocked, id=12872, stack(0x0000000024f60000,0x0000000025060000)]
  0x000000001af05000 JavaThread "Thread-4" [_thread_blocked, id=9528, stack(0x0000000022bc0000,0x0000000022cc0000)]
  0x000000001ae25800 JavaThread "Thread-2" daemon [_thread_in_native, id=13932, stack(0x00000000229c0000,0x0000000022ac0000)]
  0x000000001adaf800 JavaThread "Thread-1" daemon [_thread_blocked, id=18968, stack(0x000000001bb30000,0x000000001bc30000)]
  0x0000000019194800 JavaThread "Service Thread" daemon [_thread_blocked, id=15696, stack(0x000000001ab40000,0x000000001ac40000)]
  0x0000000019119000 JavaThread "C1 CompilerThread3" daemon [_thread_blocked, id=2792, stack(0x000000001aa40000,0x000000001ab40000)]
  0x0000000019118000 JavaThread "C2 CompilerThread2" daemon [_thread_blocked, id=6388, stack(0x000000001a940000,0x000000001aa40000)]
=>0x0000000019113800 JavaThread "C2 CompilerThread1" daemon [_thread_in_native, id=18028, stack(0x000000001a840000,0x000000001a940000)]
  0x0000000019103800 JavaThread "C2 CompilerThread0" daemon [_thread_blocked, id=24308, stack(0x000000001a740000,0x000000001a840000)]
  0x00000000190fc800 JavaThread "Attach Listener" daemon [_thread_blocked, id=17264, stack(0x000000001a640000,0x000000001a740000)]
  0x00000000190fb800 JavaThread "Signal Dispatcher" daemon [_thread_blocked, id=1792, stack(0x000000001a540000,0x000000001a640000)]
  0x00000000190f3000 JavaThread "Finalizer" daemon [_thread_blocked, id=11984, stack(0x000000001a350000,0x000000001a450000)]
  0x00000000028fb000 JavaThread "Reference Handler" daemon [_thread_blocked, id=3996, stack(0x000000001a250000,0x000000001a350000)]

Other Threads:
  0x00000000190d2800 VMThread [stack: 0x000000001a150000,0x000000001a250000] [id=19932]
  0x0000000019196000 WatcherThread [stack: 0x000000001ac40000,0x000000001ad40000] [id=19984]

VM state:at safepoint (normal execution)

VM Mutex/Monitor currently owned by a thread:  ([mutex/lock_event])
[0x00000000027fe170] Threads_lock - owner thread: 0x00000000190d2800
[0x00000000027febf0] Heap_lock - owner thread: 0x000000001af05000

Heap:
 PSYoungGen      total 238080K, used 231449K [0x00000000d6200000, 0x00000000ec380000, 0x0000000100000000)
  eden space 156160K, 99% used [0x00000000d6200000,0x00000000dfa4caf0,0x00000000dfa80000)
  from space 81920K, 92% used [0x00000000e5800000,0x00000000ea1b9aa8,0x00000000ea800000)
  to   space 95744K, 0% used [0x00000000dfa80000,0x00000000dfa80000,0x00000000e5800000)
 ParOldGen       total 538624K, used 538584K [0x0000000082600000, 0x00000000a3400000, 0x00000000d6200000)
  object space 538624K, 99% used [0x0000000082600000,0x00000000a33f6360,0x00000000a3400000)
 Metaspace       used 13545K, capacity 14164K, committed 14464K, reserved 1060864K
  class space    used 1841K, capacity 2043K, committed 2176K, reserved 1048576K

Card table byte_map: [0x0000000011cc0000,0x00000000120b0000] byte_map_base: 0x00000000118ad000

Marking Bits: (ParMarkBitMap*) 0x0000000065652d00
 Begin Bits: [0x0000000012d50000, 0x0000000014cb8000)
 End Bits:   [0x0000000014cb8000, 0x0000000016c20000)

Polling page: 0x0000000002640000

CodeCache: size=245760Kb used=5583Kb max_used=5610Kb free=240176Kb
 bounds [0x0000000002900000, 0x0000000002e80000, 0x0000000011900000]
 total_blobs=2361 nmethods=1726 adapters=547
 compilation: enabled

Compilation events (10 events):
Event: 28.255 Thread 0x0000000019113800 nmethod 1737 0x0000000002d77090 code [0x0000000002d771c0, 0x0000000002d77238]
Event: 30.282 Thread 0x0000000019118000 1738       4       com.sun.javafx.sg.prism.GrowableDataBuffer::ensureWriteCapacity (76 bytes)
Event: 30.287 Thread 0x0000000019118000 nmethod 1738 0x0000000002e7bbd0 code [0x0000000002e7bd20, 0x0000000002e7bfb8]
Event: 30.633 Thread 0x0000000019103800 1739       4       java.net.URLStreamHandler::setURL (40 bytes)
Event: 30.643 Thread 0x0000000019103800 nmethod 1739 0x0000000002e7c110 code [0x0000000002e7c260, 0x0000000002e7c578]
Event: 35.831 Thread 0x0000000019119000 1741       3       javafx.beans.property.ObjectPropertyBase::isBound (13 bytes)
Event: 35.834 Thread 0x0000000019119000 nmethod 1741 0x0000000002e7a010 code [0x0000000002e7a160, 0x0000000002e7a310]
Event: 38.282 Thread 0x0000000019118000 1742       4       java.io.BufferedInputStream::read1 (108 bytes)
Event: 38.389 Thread 0x0000000019118000 nmethod 1742 0x0000000002a28510 code [0x0000000002a286a0, 0x0000000002a28da8]
Event: 38.826 Thread 0x0000000019113800 1743  s    4       java.io.BufferedInputStream::read (113 bytes)

GC Heap History (10 events):
Event: 38.660 GC heap before
{Heap before GC invocations=96 (full 85):
 PSYoungGen      total 238080K, used 231429K [0x00000000d6200000, 0x00000000ec380000, 0x0000000100000000)
  eden space 156160K, 99% used [0x00000000d6200000,0x00000000dfa479f8,0x00000000dfa80000)
  from space 81920K, 92% used [0x00000000e5800000,0x00000000ea1b9aa8,0x00000000ea800000)
  to   space 95744K, 0% used [0x00000000dfa80000,0x00000000dfa80000,0x00000000e5800000)
 ParOldGen       total 538624K, used 538584K [0x0000000082600000, 0x00000000a3400000, 0x00000000d6200000)
  object space 538624K, 99% used [0x0000000082600000,0x00000000a33f6360,0x00000000a3400000)
 Metaspace       used 13545K, capacity 14164K, committed 14464K, reserved 1060864K
  class space    used 1841K, capacity 2043K, committed 2176K, reserved 1048576K
Event: 38.711 GC heap after
Heap after GC invocations=96 (full 85):
 PSYoungGen      total 238080K, used 231429K [0x00000000d6200000, 0x00000000ec380000, 0x0000000100000000)
  eden space 156160K, 99% used [0x00000000d6200000,0x00000000dfa479f8,0x00000000dfa80000)
  from space 81920K, 92% used [0x00000000e5800000,0x00000000ea1b9aa8,0x00000000ea800000)
  to   space 95744K, 0% used [0x00000000dfa80000,0x00000000dfa80000,0x00000000e5800000)
 ParOldGen       total 538624K, used 538584K [0x0000000082600000, 0x00000000a3400000, 0x00000000d6200000)
  object space 538624K, 99% used [0x0000000082600000,0x00000000a33f6360,0x00000000a3400000)
 Metaspace       used 13545K, capacity 14164K, committed 14464K, reserved 1060864K
  class space    used 1841K, capacity 2043K, committed 2176K, reserved 1048576K
}
Event: 38.730 GC heap before
{Heap before GC invocations=97 (full 86):
 PSYoungGen      total 238080K, used 231449K [0x00000000d6200000, 0x00000000ec380000, 0x0000000100000000)
  eden space 156160K, 99% used [0x00000000d6200000,0x00000000dfa4caf0,0x00000000dfa80000)
  from space 81920K, 92% used [0x00000000e5800000,0x00000000ea1b9aa8,0x00000000ea800000)
  to   space 95744K, 0% used [0x00000000dfa80000,0x00000000dfa80000,0x00000000e5800000)
 ParOldGen       total 538624K, used 538584K [0x0000000082600000, 0x00000000a3400000, 0x00000000d6200000)
  object space 538624K, 99% used [0x0000000082600000,0x00000000a33f6360,0x00000000a3400000)
 Metaspace       used 13545K, capacity 14164K, committed 14464K, reserved 1060864K
  class space    used 1841K, capacity 2043K, committed 2176K, reserved 1048576K
Event: 38.761 GC heap after
Heap after GC invocations=97 (full 86):
 PSYoungGen      total 238080K, used 231429K [0x00000000d6200000, 0x00000000ec380000, 0x0000000100000000)
  eden space 156160K, 99% used [0x00000000d6200000,0x00000000dfa479f8,0x00000000dfa80000)
  from space 81920K, 92% used [0x00000000e5800000,0x00000000ea1b9aa8,0x00000000ea800000)
  to   space 95744K, 0% used [0x00000000dfa80000,0x00000000dfa80000,0x00000000e5800000)
 ParOldGen       total 538624K, used 538584K [0x0000000082600000, 0x00000000a3400000, 0x00000000d6200000)
  object space 538624K, 99% used [0x0000000082600000,0x00000000a33f6360,0x00000000a3400000)
 Metaspace       used 13545K, capacity 14164K, committed 14464K, reserved 1060864K
  class space    used 1841K, capacity 2043K, committed 2176K, reserved 1048576K
}
Event: 38.761 GC heap before
{Heap before GC invocations=98 (full 87):
 PSYoungGen      total 238080K, used 231429K [0x00000000d6200000, 0x00000000ec380000, 0x0000000100000000)
  eden space 156160K, 99% used [0x00000000d6200000,0x00000000dfa479f8,0x00000000dfa80000)
  from space 81920K, 92% used [0x00000000e5800000,0x00000000ea1b9aa8,0x00000000ea800000)
  to   space 95744K, 0% used [0x00000000dfa80000,0x00000000dfa80000,0x00000000e5800000)
 ParOldGen       total 538624K, used 538584K [0x0000000082600000, 0x00000000a3400000, 0x00000000d6200000)
  object space 538624K, 99% used [0x0000000082600000,0x00000000a33f6360,0x00000000a3400000)
 Metaspace       used 13545K, capacity 14164K, committed 14464K, reserved 1060864K
  class space    used 1841K, capacity 2043K, committed 2176K, reserved 1048576K
Event: 38.804 GC heap after
Heap after GC invocations=98 (full 87):
 PSYoungGen      total 238080K, used 231429K [0x00000000d6200000, 0x00000000ec380000, 0x0000000100000000)
  eden space 156160K, 99% used [0x00000000d6200000,0x00000000dfa479f8,0x00000000dfa80000)
  from space 81920K, 92% used [0x00000000e5800000,0x00000000ea1b9aa8,0x00000000ea800000)
  to   space 95744K, 0% used [0x00000000dfa80000,0x00000000dfa80000,0x00000000e5800000)
 ParOldGen       total 538624K, used 538584K [0x0000000082600000, 0x00000000a3400000, 0x00000000d6200000)
  object space 538624K, 99% used [0x0000000082600000,0x00000000a33f6360,0x00000000a3400000)
 Metaspace       used 13545K, capacity 14164K, committed 14464K, reserved 1060864K
  class space    used 1841K, capacity 2043K, committed 2176K, reserved 1048576K
}
Event: 38.826 GC heap before
{Heap before GC invocations=99 (full 88):
 PSYoungGen      total 238080K, used 231449K [0x00000000d6200000, 0x00000000ec380000, 0x0000000100000000)
  eden space 156160K, 99% used [0x00000000d6200000,0x00000000dfa4caf0,0x00000000dfa80000)
  from space 81920K, 92% used [0x00000000e5800000,0x00000000ea1b9aa8,0x00000000ea800000)
  to   space 95744K, 0% used [0x00000000dfa80000,0x00000000dfa80000,0x00000000e5800000)
 ParOldGen       total 538624K, used 538584K [0x0000000082600000, 0x00000000a3400000, 0x00000000d6200000)
  object space 538624K, 99% used [0x0000000082600000,0x00000000a33f6360,0x00000000a3400000)
 Metaspace       used 13545K, capacity 14164K, committed 14464K, reserved 1060864K
  class space    used 1841K, capacity 2043K, committed 2176K, reserved 1048576K
Event: 38.891 GC heap after
Heap after GC invocations=99 (full 88):
 PSYoungGen      total 238080K, used 231429K [0x00000000d6200000, 0x00000000ec380000, 0x0000000100000000)
  eden space 156160K, 99% used [0x00000000d6200000,0x00000000dfa479f8,0x00000000dfa80000)
  from space 81920K, 92% used [0x00000000e5800000,0x00000000ea1b9aa8,0x00000000ea800000)
  to   space 95744K, 0% used [0x00000000dfa80000,0x00000000dfa80000,0x00000000e5800000)
 ParOldGen       total 538624K, used 538584K [0x0000000082600000, 0x00000000a3400000, 0x00000000d6200000)
  object space 538624K, 99% used [0x0000000082600000,0x00000000a33f6360,0x00000000a3400000)
 Metaspace       used 13545K, capacity 14164K, committed 14464K, reserved 1060864K
  class space    used 1841K, capacity 2043K, committed 2176K, reserved 1048576K
}
Event: 38.891 GC heap before
{Heap before GC invocations=100 (full 89):
 PSYoungGen      total 238080K, used 231429K [0x00000000d6200000, 0x00000000ec380000, 0x0000000100000000)
  eden space 156160K, 99% used [0x00000000d6200000,0x00000000dfa479f8,0x00000000dfa80000)
  from space 81920K, 92% used [0x00000000e5800000,0x00000000ea1b9aa8,0x00000000ea800000)
  to   space 95744K, 0% used [0x00000000dfa80000,0x00000000dfa80000,0x00000000e5800000)
 ParOldGen       total 538624K, used 538584K [0x0000000082600000, 0x00000000a3400000, 0x00000000d6200000)
  object space 538624K, 99% used [0x0000000082600000,0x00000000a33f6360,0x00000000a3400000)
 Metaspace       used 13545K, capacity 14164K, committed 14464K, reserved 1060864K
  class space    used 1841K, capacity 2043K, committed 2176K, reserved 1048576K
Event: 38.946 GC heap after
Heap after GC invocations=100 (full 89):
 PSYoungGen      total 238080K, used 231429K [0x00000000d6200000, 0x00000000ec380000, 0x0000000100000000)
  eden space 156160K, 99% used [0x00000000d6200000,0x00000000dfa479f8,0x00000000dfa80000)
  from space 81920K, 92% used [0x00000000e5800000,0x00000000ea1b9aa8,0x00000000ea800000)
  to   space 95744K, 0% used [0x00000000dfa80000,0x00000000dfa80000,0x00000000e5800000)
 ParOldGen       total 538624K, used 538584K [0x0000000082600000, 0x00000000a3400000, 0x00000000d6200000)
  object space 538624K, 99% used [0x0000000082600000,0x00000000a33f6360,0x00000000a3400000)
 Metaspace       used 13545K, capacity 14164K, committed 14464K, reserved 1060864K
  class space    used 1841K, capacity 2043K, committed 2176K, reserved 1048576K
}

Deoptimization events (10 events):
Event: 3.286 Thread 0x000000001adbb000 Uncommon trap: reason=class_check action=maybe_recompile pc=0x0000000002b6c360 method=java.io.DataInputStream.readShort()S @ 4
Event: 3.286 Thread 0x000000001adbb000 Uncommon trap: reason=class_check action=maybe_recompile pc=0x0000000002b6c360 method=java.io.DataInputStream.readShort()S @ 4
Event: 3.292 Thread 0x000000001adbb000 Uncommon trap: reason=class_check action=maybe_recompile pc=0x0000000002a22b28 method=java.lang.String.equals(Ljava/lang/Object;)Z @ 8
Event: 3.292 Thread 0x000000001adbb000 Uncommon trap: reason=class_check action=maybe_recompile pc=0x0000000002a22b28 method=java.lang.String.equals(Ljava/lang/Object;)Z @ 8
Event: 3.292 Thread 0x000000001adbb000 Uncommon trap: reason=class_check action=maybe_recompile pc=0x0000000002a22b28 method=java.lang.String.equals(Ljava/lang/Object;)Z @ 8
Event: 3.303 Thread 0x000000001adbb000 Uncommon trap: reason=class_check action=maybe_recompile pc=0x0000000002a22b28 method=java.lang.String.equals(Ljava/lang/Object;)Z @ 8
Event: 3.348 Thread 0x000000001adbb000 Uncommon trap: reason=unstable_if action=reinterpret pc=0x0000000002c1fd5c method=java.lang.String.regionMatches(ZILjava/lang/String;II)Z @ 123
Event: 3.428 Thread 0x000000001adbb000 Uncommon trap: reason=unstable_if action=reinterpret pc=0x0000000002bc4ab8 method=sun.net.www.ParseUtil.encodePath(Ljava/lang/String;Z)Ljava/lang/String; @ 109
Event: 5.052 Thread 0x000000001adbb000 Uncommon trap: reason=unstable_if action=reinterpret pc=0x0000000002c2fa70 method=jdk.internal.org.objectweb.asm.Type.getArgumentsAndReturnSizes(Ljava/lang/String;)I @ 47
Event: 6.827 Thread 0x000000001adbb000 Uncommon trap: reason=unstable_if action=reinterpret pc=0x0000000002d35f60 method=java.util.HashMap$HashIterator.<init>(Ljava/util/HashMap;)V @ 45

Classes redefined (0 events):
No events

Internal exceptions (10 events):
Event: 37.968 Thread 0x000000001af05000 Exception <a 'java/lang/OutOfMemoryError'> (0x0000000082b8de48) thrown at [C:\re\workspace\8-2-build-windows-amd64-cygwin\jdk8u181\11358\hotspot\src\share\vm\gc_interface/collectedHeap.inline.hpp, line 159]
Event: 38.066 Thread 0x000000001af05000 Exception <a 'java/lang/OutOfMemoryError'> (0x0000000082b8de48) thrown at [C:\re\workspace\8-2-build-windows-amd64-cygwin\jdk8u181\11358\hotspot\src\share\vm\gc_interface/collectedHeap.inline.hpp, line 159]
Event: 38.168 Thread 0x000000001af05000 Exception <a 'java/lang/OutOfMemoryError'> (0x0000000082b8de48) thrown at [C:\re\workspace\8-2-build-windows-amd64-cygwin\jdk8u181\11358\hotspot\src\share\vm\gc_interface/collectedHeap.inline.hpp, line 159]
Event: 38.264 Thread 0x000000001af05000 Exception <a 'java/lang/OutOfMemoryError'> (0x0000000082b8de48) thrown at [C:\re\workspace\8-2-build-windows-amd64-cygwin\jdk8u181\11358\hotspot\src\share\vm\gc_interface/collectedHeap.inline.hpp, line 159]
Event: 38.374 Thread 0x000000001af05000 Exception <a 'java/lang/OutOfMemoryError'> (0x0000000082b8de48) thrown at [C:\re\workspace\8-2-build-windows-amd64-cygwin\jdk8u181\11358\hotspot\src\share\vm\gc_interface/collectedHeap.inline.hpp, line 159]
Event: 38.492 Thread 0x000000001af05000 Exception <a 'java/lang/OutOfMemoryError'> (0x0000000082b8de48) thrown at [C:\re\workspace\8-2-build-windows-amd64-cygwin\jdk8u181\11358\hotspot\src\share\vm\gc_interface/collectedHeap.inline.hpp, line 159]
Event: 38.605 Thread 0x000000001af05000 Exception <a 'java/lang/OutOfMemoryError'> (0x0000000082b8de48) thrown at [C:\re\workspace\8-2-build-windows-amd64-cygwin\jdk8u181\11358\hotspot\src\share\vm\gc_interface/collectedHeap.inline.hpp, line 159]
Event: 38.712 Thread 0x000000001af05000 Exception <a 'java/lang/OutOfMemoryError'> (0x0000000082b8de48) thrown at [C:\re\workspace\8-2-build-windows-amd64-cygwin\jdk8u181\11358\hotspot\src\share\vm\gc_interface/collectedHeap.inline.hpp, line 159]
Event: 38.805 Thread 0x000000001af05000 Exception <a 'java/lang/OutOfMemoryError'> (0x0000000082b8de48) thrown at [C:\re\workspace\8-2-build-windows-amd64-cygwin\jdk8u181\11358\hotspot\src\share\vm\gc_interface/collectedHeap.inline.hpp, line 159]
Event: 38.947 Thread 0x000000001af05000 Exception <a 'java/lang/OutOfMemoryError'> (0x0000000082b8de48) thrown at [C:\re\workspace\8-2-build-windows-amd64-cygwin\jdk8u181\11358\hotspot\src\share\vm\gc_interface/collectedHeap.inline.hpp, line 159]

Events (10 events):
Event: 38.393 Executing VM operation: ParallelGCFailedAllocation
Event: 38.492 Executing VM operation: ParallelGCFailedAllocation done
Event: 38.510 Executing VM operation: ParallelGCFailedAllocation
Event: 38.604 Executing VM operation: ParallelGCFailedAllocation done
Event: 38.623 Executing VM operation: ParallelGCFailedAllocation
Event: 38.711 Executing VM operation: ParallelGCFailedAllocation done
Event: 38.730 Executing VM operation: ParallelGCFailedAllocation
Event: 38.804 Executing VM operation: ParallelGCFailedAllocation done
Event: 38.826 Executing VM operation: ParallelGCFailedAllocation
Event: 38.947 Executing VM operation: ParallelGCFailedAllocation done


Dynamic libraries:
0x00007ff717490000 - 0x00007ff7174c7000 	C:\Program Files\Java\jre1.8.0_181\bin\javaw.exe
0x00007ff9cece0000 - 0x00007ff9ceec1000 	C:\WINDOWS\SYSTEM32\ntdll.dll
0x00007ff9ce500000 - 0x00007ff9ce5b2000 	C:\WINDOWS\System32\KERNEL32.DLL
0x00007ff9cb880000 - 0x00007ff9cbaf3000 	C:\WINDOWS\System32\KERNELBASE.dll
0x0000000065d50000 - 0x000000006606b000 	C:\Program Files\Norton Security\NortonData\22.11.1.5\Definitions\IPSDefs\20181129.063\IPSEng64.dll
0x00007ff9ceba0000 - 0x00007ff9cec41000 	C:\WINDOWS\System32\ADVAPI32.dll
0x00007ff9ce2b0000 - 0x00007ff9ce34e000 	C:\WINDOWS\System32\msvcrt.dll
0x00007ff9ce0c0000 - 0x00007ff9ce11b000 	C:\WINDOWS\System32\sechost.dll
0x00007ff9ce3d0000 - 0x00007ff9ce4f4000 	C:\WINDOWS\System32\RPCRT4.dll
0x00007ff9cc700000 - 0x00007ff9cc708000 	C:\WINDOWS\System32\PSAPI.DLL
0x00007ff9cc4d0000 - 0x00007ff9cc660000 	C:\WINDOWS\System32\USER32.dll
0x00007ff9cb0b0000 - 0x00007ff9cb0d0000 	C:\WINDOWS\System32\win32u.dll
0x00007ff9cc4a0000 - 0x00007ff9cc4c8000 	C:\WINDOWS\System32\GDI32.dll
0x00007ff9cbfd0000 - 0x00007ff9cc162000 	C:\WINDOWS\System32\gdi32full.dll
0x00007ff9cb0d0000 - 0x00007ff9cb16f000 	C:\WINDOWS\System32\msvcp_win.dll
0x00007ff9cbed0000 - 0x00007ff9cbfca000 	C:\WINDOWS\System32\ucrtbase.dll
0x00007ff9be830000 - 0x00007ff9bea99000 	C:\WINDOWS\WinSxS\amd64_microsoft.windows.common-controls_6595b64144ccf1df_6.0.17134.407_none_fb449d63306391e9\COMCTL32.dll
0x00007ff9cc170000 - 0x00007ff9cc492000 	C:\WINDOWS\System32\combase.dll
0x00007ff9cbbb0000 - 0x00007ff9cbc2a000 	C:\WINDOWS\System32\bcryptPrimitives.dll
0x00007ff9cc660000 - 0x00007ff9cc68d000 	C:\WINDOWS\System32\IMM32.DLL
0x00000000659e0000 - 0x0000000065ab2000 	C:\Program Files\Java\jre1.8.0_181\bin\msvcr100.dll
0x0000000064e30000 - 0x00000000656d2000 	C:\Program Files\Java\jre1.8.0_181\bin\server\jvm.dll
0x00007ff9b63f0000 - 0x00007ff9b63f9000 	C:\WINDOWS\SYSTEM32\WSOCK32.dll
0x00007ff9cc690000 - 0x00007ff9cc6fc000 	C:\WINDOWS\System32\WS2_32.dll
0x00007ff9c91f0000 - 0x00007ff9c9213000 	C:\WINDOWS\SYSTEM32\WINMM.dll
0x00007ff9c4510000 - 0x00007ff9c451a000 	C:\WINDOWS\SYSTEM32\VERSION.dll
0x00007ff9c8fa0000 - 0x00007ff9c8fca000 	C:\WINDOWS\SYSTEM32\WINMMBASE.dll
0x00007ff9cbb00000 - 0x00007ff9cbb49000 	C:\WINDOWS\System32\cfgmgr32.dll
0x0000000066150000 - 0x000000006615f000 	C:\Program Files\Java\jre1.8.0_181\bin\verify.dll
0x0000000066120000 - 0x0000000066149000 	C:\Program Files\Java\jre1.8.0_181\bin\java.dll
0x0000000066100000 - 0x0000000066116000 	C:\Program Files\Java\jre1.8.0_181\bin\zip.dll
0x00007ff9cc7c0000 - 0x00007ff9cdbff000 	C:\WINDOWS\System32\SHELL32.dll
0x00007ff9cc710000 - 0x00007ff9cc7b9000 	C:\WINDOWS\System32\shcore.dll
0x00007ff9cb170000 - 0x00007ff9cb87d000 	C:\WINDOWS\System32\windows.storage.dll
0x00007ff9cec50000 - 0x00007ff9ceca1000 	C:\WINDOWS\System32\shlwapi.dll
0x00007ff9cb050000 - 0x00007ff9cb061000 	C:\WINDOWS\System32\kernel.appcore.dll
0x00007ff9cb090000 - 0x00007ff9cb0af000 	C:\WINDOWS\System32\profapi.dll
0x00007ff9cb000000 - 0x00007ff9cb04c000 	C:\WINDOWS\System32\powrprof.dll
0x00007ff9caff0000 - 0x00007ff9caffa000 	C:\WINDOWS\System32\FLTLIB.DLL
0x00000000027c0000 - 0x00000000027c3000 	C:\Program Files\Java\jre1.8.0_181\bin\api-ms-win-core-console-l1-1-0.dll
0x00000000027d0000 - 0x00000000027d3000 	C:\Program Files\Java\jre1.8.0_181\bin\api-ms-win-core-datetime-l1-1-0.dll
0x00000000027e0000 - 0x00000000027e3000 	C:\Program Files\Java\jre1.8.0_181\bin\api-ms-win-core-debug-l1-1-0.dll
0x000000001b540000 - 0x000000001b543000 	C:\Program Files\Java\jre1.8.0_181\bin\api-ms-win-core-errorhandling-l1-1-0.dll
0x000000001b550000 - 0x000000001b554000 	C:\Program Files\Java\jre1.8.0_181\bin\api-ms-win-core-file-l1-1-0.dll
0x000000001b560000 - 0x000000001b563000 	C:\Program Files\Java\jre1.8.0_181\bin\api-ms-win-core-file-l1-2-0.dll
0x000000001b570000 - 0x000000001b573000 	C:\Program Files\Java\jre1.8.0_181\bin\api-ms-win-core-file-l2-1-0.dll
0x000000001b580000 - 0x000000001b583000 	C:\Program Files\Java\jre1.8.0_181\bin\api-ms-win-core-handle-l1-1-0.dll
0x000000001b590000 - 0x000000001b593000 	C:\Program Files\Java\jre1.8.0_181\bin\api-ms-win-core-heap-l1-1-0.dll
0x000000001b5a0000 - 0x000000001b5a3000 	C:\Program Files\Java\jre1.8.0_181\bin\api-ms-win-core-interlocked-l1-1-0.dll
0x000000001b5b0000 - 0x000000001b5b3000 	C:\Program Files\Java\jre1.8.0_181\bin\api-ms-win-core-libraryloader-l1-1-0.dll
0x000000001b5c0000 - 0x000000001b5c3000 	C:\Program Files\Java\jre1.8.0_181\bin\api-ms-win-core-localization-l1-2-0.dll
0x000000001b5d0000 - 0x000000001b5d3000 	C:\Program Files\Java\jre1.8.0_181\bin\api-ms-win-core-memory-l1-1-0.dll
0x000000001b5e0000 - 0x000000001b5e3000 	C:\Program Files\Java\jre1.8.0_181\bin\api-ms-win-core-namedpipe-l1-1-0.dll
0x000000001b5f0000 - 0x000000001b5f3000 	C:\Program Files\Java\jre1.8.0_181\bin\api-ms-win-core-processenvironment-l1-1-0.dll
0x000000001b600000 - 0x000000001b603000 	C:\Program Files\Java\jre1.8.0_181\bin\api-ms-win-core-processthreads-l1-1-0.dll
0x000000001b610000 - 0x000000001b613000 	C:\Program Files\Java\jre1.8.0_181\bin\api-ms-win-core-processthreads-l1-1-1.dll
0x000000001b620000 - 0x000000001b623000 	C:\Program Files\Java\jre1.8.0_181\bin\api-ms-win-core-profile-l1-1-0.dll
0x000000001b630000 - 0x000000001b633000 	C:\Program Files\Java\jre1.8.0_181\bin\api-ms-win-core-rtlsupport-l1-1-0.dll
0x000000001b640000 - 0x000000001b643000 	C:\Program Files\Java\jre1.8.0_181\bin\api-ms-win-core-string-l1-1-0.dll
0x000000001b650000 - 0x000000001b653000 	C:\Program Files\Java\jre1.8.0_181\bin\api-ms-win-core-synch-l1-1-0.dll
0x000000001b660000 - 0x000000001b663000 	C:\Program Files\Java\jre1.8.0_181\bin\api-ms-win-core-synch-l1-2-0.dll
0x000000001b670000 - 0x000000001b673000 	C:\Program Files\Java\jre1.8.0_181\bin\api-ms-win-core-sysinfo-l1-1-0.dll
0x000000001b680000 - 0x000000001b683000 	C:\Program Files\Java\jre1.8.0_181\bin\api-ms-win-core-timezone-l1-1-0.dll
0x000000001b690000 - 0x000000001b693000 	C:\Program Files\Java\jre1.8.0_181\bin\api-ms-win-core-util-l1-1-0.dll
0x000000001b6a0000 - 0x000000001b6a3000 	C:\Program Files\Java\jre1.8.0_181\bin\api-ms-win-crt-conio-l1-1-0.dll
0x000000001b6b0000 - 0x000000001b6b4000 	C:\Program Files\Java\jre1.8.0_181\bin\api-ms-win-crt-convert-l1-1-0.dll
0x000000001b6c0000 - 0x000000001b6c3000 	C:\Program Files\Java\jre1.8.0_181\bin\api-ms-win-crt-environment-l1-1-0.dll
0x000000001b6d0000 - 0x000000001b6d3000 	C:\Program Files\Java\jre1.8.0_181\bin\api-ms-win-crt-filesystem-l1-1-0.dll
0x000000001b6e0000 - 0x000000001b6e3000 	C:\Program Files\Java\jre1.8.0_181\bin\api-ms-win-crt-heap-l1-1-0.dll
0x000000001b6f0000 - 0x000000001b6f3000 	C:\Program Files\Java\jre1.8.0_181\bin\api-ms-win-crt-locale-l1-1-0.dll
0x000000001b700000 - 0x000000001b705000 	C:\Program Files\Java\jre1.8.0_181\bin\api-ms-win-crt-math-l1-1-0.dll
0x000000001b710000 - 0x000000001b715000 	C:\Program Files\Java\jre1.8.0_181\bin\api-ms-win-crt-multibyte-l1-1-0.dll
0x000000001b720000 - 0x000000001b730000 	C:\Program Files\Java\jre1.8.0_181\bin\api-ms-win-crt-private-l1-1-0.dll
0x000000001b730000 - 0x000000001b733000 	C:\Program Files\Java\jre1.8.0_181\bin\api-ms-win-crt-process-l1-1-0.dll
0x000000001b740000 - 0x000000001b744000 	C:\Program Files\Java\jre1.8.0_181\bin\api-ms-win-crt-runtime-l1-1-0.dll
0x000000001b750000 - 0x000000001b754000 	C:\Program Files\Java\jre1.8.0_181\bin\api-ms-win-crt-stdio-l1-1-0.dll
0x000000001b760000 - 0x000000001b764000 	C:\Program Files\Java\jre1.8.0_181\bin\api-ms-win-crt-string-l1-1-0.dll
0x000000001b770000 - 0x000000001b773000 	C:\Program Files\Java\jre1.8.0_181\bin\api-ms-win-crt-time-l1-1-0.dll
0x000000001b780000 - 0x000000001b783000 	C:\Program Files\Java\jre1.8.0_181\bin\api-ms-win-crt-utility-l1-1-0.dll
0x00007ff9a5a60000 - 0x00007ff9a5b56000 	C:\Program Files\Java\jre1.8.0_181\bin\ucrtbase.dll
0x00007ff9beeb0000 - 0x00007ff9beec6000 	C:\Program Files\Java\jre1.8.0_181\bin\vcruntime140.dll
0x00007ff99d8d0000 - 0x00007ff99d96c000 	C:\Program Files\Java\jre1.8.0_181\bin\msvcp140.dll
0x00007ff99cfa0000 - 0x00007ff99cff1000 	C:\Program Files\Java\jre1.8.0_181\bin\concrt140.dll
0x0000000065d20000 - 0x0000000065d43000 	C:\Program Files\Java\jre1.8.0_181\bin\prism_d3d.dll
0x00007ff9c3850000 - 0x00007ff9c39e7000 	C:\WINDOWS\system32\d3d9.dll
0x00007ff9c96a0000 - 0x00007ff9c96c9000 	C:\WINDOWS\SYSTEM32\dwmapi.dll
0x00007ff9c95d0000 - 0x00007ff9c9668000 	C:\WINDOWS\system32\uxtheme.dll
0x00007ff984270000 - 0x00007ff9874e4000 	C:\WINDOWS\System32\DriverStore\FileRepository\igdlh64.inf_amd64_e0192a3c6242af1f\igd9dxva64.dll
0x00007ff9ce690000 - 0x00007ff9ce7e1000 	C:\WINDOWS\System32\ole32.dll
0x00007ff9ce5c0000 - 0x00007ff9ce682000 	C:\WINDOWS\System32\OLEAUT32.dll
0x0000000065cd0000 - 0x0000000065d19000 	C:\Program Files\Java\jre1.8.0_181\bin\glass.dll
0x00007ff9ce9b0000 - 0x00007ff9cea9d000 	C:\WINDOWS\System32\COMDLG32.dll
0x00007ff9ce120000 - 0x00007ff9ce293000 	C:\WINDOWS\System32\MSCTF.dll
0x00007ff99c3c0000 - 0x00007ff99c3fd000 	C:\ProgramData\A-Volute\A-Volute.Nahimic\Modules\Scheduled\x64\Nahimic3DevProps.dll
0x00007ff99f7c0000 - 0x00007ff99f827000 	C:\ProgramData\A-Volute\A-Volute.Nahimic\Modules\Scheduled\x64\NahimicOSD.dll
0x00007ff9ceb00000 - 0x00007ff9ceba0000 	C:\WINDOWS\System32\clbcatq.dll
0x00007ff9bd710000 - 0x00007ff9bd786000 	C:\WINDOWS\System32\MMDevApi.dll
0x00007ff9cae00000 - 0x00007ff9cae27000 	C:\WINDOWS\System32\DEVOBJ.dll
0x00007ff9c79e0000 - 0x00007ff9c7b94000 	C:\WINDOWS\System32\PROPSYS.dll
0x00007ff9b9de0000 - 0x00007ff9b9f0c000 	C:\WINDOWS\SYSTEM32\AUDIOSES.DLL
0x00007ff9c7060000 - 0x00007ff9c71ad000 	C:\WINDOWS\SYSTEM32\wintypes.dll
0x00007ff9c6ac0000 - 0x00007ff9c6aca000 	C:\WINDOWS\SYSTEM32\AVRT.dll
0x00000000659c0000 - 0x00000000659d4000 	C:\Program Files\Java\jre1.8.0_181\bin\javafx_font.dll
0x00007ff9c1c80000 - 0x00007ff9c1f9c000 	C:\WINDOWS\SYSTEM32\dwrite.dll
0x0000000064e00000 - 0x0000000064e23000 	C:\Program Files\Java\jre1.8.0_181\bin\javafx_iio.dll
0x00007ff9c6c80000 - 0x00007ff9c6e2e000 	C:\WINDOWS\SYSTEM32\WindowsCodecs.dll
0x00007ff9c14f0000 - 0x00007ff9c1586000 	C:\WINDOWS\System32\TextInputFramework.dll
0x00007ff9c6290000 - 0x00007ff9c65ae000 	C:\WINDOWS\System32\CoreUIComponents.dll
0x00007ff9c8fd0000 - 0x00007ff9c90aa000 	C:\WINDOWS\System32\CoreMessaging.dll
0x00007ff9ca0e0000 - 0x00007ff9ca111000 	C:\WINDOWS\SYSTEM32\ntmarta.dll
0x0000000064de0000 - 0x0000000064df2000 	C:\Program Files\Java\jre1.8.0_181\bin\prism_common.dll

VM Arguments:
jvm_args: -Dfile.encoding=Cp1252 
java_command: application.Main
java_class_path (initial): C:\Program Files\Java\jre1.8.0_181\lib\resources.jar;C:\Program Files\Java\jre1.8.0_181\lib\rt.jar;C:\Program Files\Java\jre1.8.0_181\lib\jsse.jar;C:\Program Files\Java\jre1.8.0_181\lib\jce.jar;C:\Program Files\Java\jre1.8.0_181\lib\charsets.jar;C:\Program Files\Java\jre1.8.0_181\lib\jfr.jar;C:\Program Files\Java\jre1.8.0_181\lib\ext\access-bridge-64.jar;C:\Program Files\Java\jre1.8.0_181\lib\ext\cldrdata.jar;C:\Program Files\Java\jre1.8.0_181\lib\ext\dnsns.jar;C:\Program Files\Java\jre1.8.0_181\lib\ext\jaccess.jar;C:\Program Files\Java\jre1.8.0_181\lib\ext\jfxrt.jar;C:\Program Files\Java\jre1.8.0_181\lib\ext\localedata.jar;C:\Program Files\Java\jre1.8.0_181\lib\ext\nashorn.jar;C:\Program Files\Java\jre1.8.0_181\lib\ext\sunec.jar;C:\Program Files\Java\jre1.8.0_181\lib\ext\sunjce_provider.jar;C:\Program Files\Java\jre1.8.0_181\lib\ext\sunmscapi.jar;C:\Program Files\Java\jre1.8.0_181\lib\ext\sunpkcs11.jar;C:\Program Files\Java\jre1.8.0_181\lib\ext\zipfs.jar;D:\eclips-workspace\Dianosaur\bin;C:\Users\user\.p2\pool\plugins\org.eclipse.fx.ide.css.jfx8_3.0.0.201705220750.jar
Launcher Type: SUN_STANDARD

Environment Variables:
USERNAME=user
OS=Windows_NT
PROCESSOR_IDENTIFIER=Intel64 Family 6 Model 158 Stepping 10, GenuineIntel



---------------  S Y S T E M  ---------------

OS: Windows 10.0 , 64 bit Build 17134 (10.0.17134.1)

CPU:total 12 (initial active 12) (6 cores per cpu, 2 threads per core) family 6 model 158 stepping 10, cmov, cx8, fxsr, mmx, sse, sse2, sse3, ssse3, sse4.1, sse4.2, popcnt, avx, avx2, aes, clmul, erms, 3dnowpref, lzcnt, ht, tsc, tscinvbit, bmi1, bmi2, adx

Memory: 4k page, physical 8231144k(470004k free), swap 23690340k(756k free)

vm_info: Java HotSpot(TM) 64-Bit Server VM (25.181-b13) for windows-amd64 JRE (1.8.0_181-b13), built on Jul  7 2018 04:01:33 by "java_re" with MS VC++ 10.0 (VS2010)

time: Fri Nov 30 22:58:05 2018
elapsed time: 39 seconds (0d 0h 0m 39s)

