#
# There is insufficient memory for the Java Runtime Environment to continue.
# Native memory allocation (malloc) failed to allocate 148416 bytes for Chunk::new
# Possible reasons:
#   The system is out of physical RAM or swap space
#   In 32 bit mode, the process size limit was hit
# Possible solutions:
#   Reduce memory load on the system
#   Increase physical memory or swap space
#   Check if swap backing store is full
#   Use 64 bit Java on a 64 bit OS
#   Decrease Java heap size (-Xmx/-Xms)
#   Decrease number of Java threads
#   Decrease Java thread stack sizes (-Xss)
#   Set larger code cache with -XX:ReservedCodeCacheSize=
# This output file may be truncated or incomplete.
#
#  Out of Memory Error (allocation.cpp:390), pid=23204, tid=0x0000000000000a74
#
# JRE version: Java(TM) SE Runtime Environment (8.0_181-b13) (build 1.8.0_181-b13)
# Java VM: Java HotSpot(TM) 64-Bit Server VM (25.181-b13 mixed mode windows-amd64 compressed oops)
# Failed to write core dump. Minidumps are not enabled by default on client versions of Windows
#

---------------  T H R E A D  ---------------

Current thread (0x0000000019c4f000):  JavaThread "C2 CompilerThread2" daemon [_thread_in_native, id=2676, stack(0x000000001b490000,0x000000001b590000)]

Stack: [0x000000001b490000,0x000000001b590000]
[error occurred during error reporting (printing stack bounds), id 0xc0000005]

Native frames: (J=compiled Java code, j=interpreted, Vv=VM code, C=native code)


Current CompileTask:
C2:  21757 1545       4       java.util.regex.Pattern$Curly::match0 (174 bytes)


---------------  P R O C E S S  ---------------

Java Threads: ( => current thread )
  0x0000000019c51800 JavaThread "DestroyJavaVM" [_thread_blocked, id=23344, stack(0x0000000003250000,0x0000000003350000)]
  0x000000001bd0b800 JavaThread "Prism Font Disposer" daemon [_thread_blocked, id=19508, stack(0x0000000025a80000,0x0000000025b80000)]
  0x000000001bc55800 JavaThread "Thread-4" [_thread_blocked, id=9416, stack(0x0000000023770000,0x0000000023870000)]
  0x000000001bb29000 JavaThread "Thread-2" daemon [_thread_in_native, id=20004, stack(0x0000000023570000,0x0000000023670000)]
  0x000000001bb15000 JavaThread "Thread-1" daemon [_thread_blocked, id=9952, stack(0x000000001c650000,0x000000001c750000)]
  0x0000000019cc5800 JavaThread "Service Thread" daemon [_thread_blocked, id=15604, stack(0x000000001b690000,0x000000001b790000)]
  0x0000000019c50000 JavaThread "C1 CompilerThread3" daemon [_thread_blocked, id=19708, stack(0x000000001b590000,0x000000001b690000)]
=>0x0000000019c4f000 JavaThread "C2 CompilerThread2" daemon [_thread_in_native, id=2676, stack(0x000000001b490000,0x000000001b590000)]
  0x0000000019c3d000 JavaThread "C2 CompilerThread1" daemon [_thread_blocked, id=23836, stack(0x000000001b390000,0x000000001b490000)]
  0x0000000019c33000 JavaThread "C2 CompilerThread0" daemon [_thread_blocked, id=20744, stack(0x000000001b290000,0x000000001b390000)]
  0x0000000019c31000 JavaThread "Attach Listener" daemon [_thread_blocked, id=12368, stack(0x000000001b190000,0x000000001b290000)]
  0x0000000019c30000 JavaThread "Signal Dispatcher" daemon [_thread_blocked, id=15128, stack(0x000000001b090000,0x000000001b190000)]
  0x0000000019c23000 JavaThread "Finalizer" daemon [_thread_blocked, id=15840, stack(0x000000001aea0000,0x000000001afa0000)]
  0x000000000344b000 JavaThread "Reference Handler" daemon [_thread_blocked, id=18884, stack(0x000000001ada0000,0x000000001aea0000)]

Other Threads:
  0x0000000019c02800 VMThread [stack: 0x000000001aca0000,0x000000001ada0000] [id=6524]
  0x0000000019cc7000 WatcherThread [stack: 0x000000001b790000,0x000000001b890000] [id=20476]

VM state:not at safepoint (normal execution)

VM Mutex/Monitor currently owned by a thread: None

Heap:
 PSYoungGen      total 37888K, used 32048K [0x00000000d6200000, 0x00000000dac00000, 0x0000000100000000)
  eden space 32768K, 97% used [0x00000000d6200000,0x00000000d814c1e8,0x00000000d8200000)
  from space 5120K, 0% used [0x00000000d8200000,0x00000000d8200000,0x00000000d8700000)
  to   space 5120K, 0% used [0x00000000da700000,0x00000000da700000,0x00000000dac00000)
 ParOldGen       total 207872K, used 207870K [0x0000000082600000, 0x000000008f100000, 0x00000000d6200000)
  object space 207872K, 99% used [0x0000000082600000,0x000000008f0ffa30,0x000000008f100000)
 Metaspace       used 13112K, capacity 13674K, committed 13824K, reserved 1060864K
  class space    used 1791K, capacity 1992K, committed 2048K, reserved 1048576K

Card table byte_map: [0x0000000012810000,0x0000000012c00000] byte_map_base: 0x00000000123fd000

Marking Bits: (ParMarkBitMap*) 0x0000000065652d00
 Begin Bits: [0x00000000138a0000, 0x0000000015808000)
 End Bits:   [0x0000000015808000, 0x0000000017770000)

Polling page: 0x00000000017f0000

CodeCache: size=245760Kb used=4630Kb max_used=4912Kb free=241129Kb
 bounds [0x0000000003450000, 0x0000000003920000, 0x0000000012450000]
 total_blobs=2056 nmethods=1425 adapters=543
 compilation: enabled

Compilation events (10 events):
Event: 20.095 Thread 0x0000000019c50000 nmethod 1536 0x00000000035c4410 code [0x00000000035c4580, 0x00000000035c48e8]
Event: 20.095 Thread 0x0000000019c50000 1537       3       java.util.regex.Pattern$Dollar::match (209 bytes)
Event: 20.156 Thread 0x0000000019c50000 nmethod 1537 0x00000000036ba690 code [0x00000000036ba8a0, 0x00000000036bb578]
Event: 20.157 Thread 0x0000000019c50000 1538       3       javafx.scene.image.Image::<init> (44 bytes)
Event: 20.157 Thread 0x0000000019c50000 nmethod 1538 0x000000000366cbd0 code [0x000000000366cd20, 0x000000000366cf10]
Event: 20.173 Thread 0x0000000019c50000 1543       3       javafx.scene.Node::getMiscProperties (25 bytes)
Event: 20.175 Thread 0x0000000019c50000 nmethod 1543 0x0000000003703510 code [0x0000000003703680, 0x00000000037039d0]
Event: 20.176 Thread 0x0000000019c50000 1544       3       javafx.scene.Node$MiscProperties::disableProperty (25 bytes)
Event: 20.176 Thread 0x0000000019c50000 nmethod 1544 0x000000000358b8d0 code [0x000000000358ba60, 0x000000000358beb0]
Event: 21.684 Thread 0x0000000019c4f000 1545       4       java.util.regex.Pattern$Curly::match0 (174 bytes)

GC Heap History (10 events):
Event: 21.536 GC heap before
{Heap before GC invocations=252 (full 249):
 PSYoungGen      total 37888K, used 32046K [0x00000000d6200000, 0x00000000dac00000, 0x0000000100000000)
  eden space 32768K, 97% used [0x00000000d6200000,0x00000000d814b9d8,0x00000000d8200000)
  from space 5120K, 0% used [0x00000000d8200000,0x00000000d8200000,0x00000000d8700000)
  to   space 5120K, 0% used [0x00000000da700000,0x00000000da700000,0x00000000dac00000)
 ParOldGen       total 207872K, used 207870K [0x0000000082600000, 0x000000008f100000, 0x00000000d6200000)
  object space 207872K, 99% used [0x0000000082600000,0x000000008f0ffa30,0x000000008f100000)
 Metaspace       used 13112K, capacity 13674K, committed 13824K, reserved 1060864K
  class space    used 1791K, capacity 1992K, committed 2048K, reserved 1048576K
Event: 21.571 GC heap after
Heap after GC invocations=252 (full 249):
 PSYoungGen      total 37888K, used 32046K [0x00000000d6200000, 0x00000000dac00000, 0x0000000100000000)
  eden space 32768K, 97% used [0x00000000d6200000,0x00000000d814b9d8,0x00000000d8200000)
  from space 5120K, 0% used [0x00000000d8200000,0x00000000d8200000,0x00000000d8700000)
  to   space 5120K, 0% used [0x00000000da700000,0x00000000da700000,0x00000000dac00000)
 ParOldGen       total 207872K, used 207870K [0x0000000082600000, 0x000000008f100000, 0x00000000d6200000)
  object space 207872K, 99% used [0x0000000082600000,0x000000008f0ffa30,0x000000008f100000)
 Metaspace       used 13112K, capacity 13674K, committed 13824K, reserved 1060864K
  class space    used 1791K, capacity 1992K, committed 2048K, reserved 1048576K
}
Event: 21.592 GC heap before
{Heap before GC invocations=253 (full 250):
 PSYoungGen      total 37888K, used 32066K [0x00000000d6200000, 0x00000000dac00000, 0x0000000100000000)
  eden space 32768K, 97% used [0x00000000d6200000,0x00000000d8150ac0,0x00000000d8200000)
  from space 5120K, 0% used [0x00000000d8200000,0x00000000d8200000,0x00000000d8700000)
  to   space 5120K, 0% used [0x00000000da700000,0x00000000da700000,0x00000000dac00000)
 ParOldGen       total 207872K, used 207870K [0x0000000082600000, 0x000000008f100000, 0x00000000d6200000)
  object space 207872K, 99% used [0x0000000082600000,0x000000008f0ffa30,0x000000008f100000)
 Metaspace       used 13112K, capacity 13674K, committed 13824K, reserved 1060864K
  class space    used 1791K, capacity 1992K, committed 2048K, reserved 1048576K
Event: 21.626 GC heap after
Heap after GC invocations=253 (full 250):
 PSYoungGen      total 37888K, used 32046K [0x00000000d6200000, 0x00000000dac00000, 0x0000000100000000)
  eden space 32768K, 97% used [0x00000000d6200000,0x00000000d814b9d8,0x00000000d8200000)
  from space 5120K, 0% used [0x00000000d8200000,0x00000000d8200000,0x00000000d8700000)
  to   space 5120K, 0% used [0x00000000da700000,0x00000000da700000,0x00000000dac00000)
 ParOldGen       total 207872K, used 207870K [0x0000000082600000, 0x000000008f100000, 0x00000000d6200000)
  object space 207872K, 99% used [0x0000000082600000,0x000000008f0ffa30,0x000000008f100000)
 Metaspace       used 13112K, capacity 13674K, committed 13824K, reserved 1060864K
  class space    used 1791K, capacity 1992K, committed 2048K, reserved 1048576K
}
Event: 21.626 GC heap before
{Heap before GC invocations=254 (full 251):
 PSYoungGen      total 37888K, used 32046K [0x00000000d6200000, 0x00000000dac00000, 0x0000000100000000)
  eden space 32768K, 97% used [0x00000000d6200000,0x00000000d814b9d8,0x00000000d8200000)
  from space 5120K, 0% used [0x00000000d8200000,0x00000000d8200000,0x00000000d8700000)
  to   space 5120K, 0% used [0x00000000da700000,0x00000000da700000,0x00000000dac00000)
 ParOldGen       total 207872K, used 207870K [0x0000000082600000, 0x000000008f100000, 0x00000000d6200000)
  object space 207872K, 99% used [0x0000000082600000,0x000000008f0ffa30,0x000000008f100000)
 Metaspace       used 13112K, capacity 13674K, committed 13824K, reserved 1060864K
  class space    used 1791K, capacity 1992K, committed 2048K, reserved 1048576K
Event: 21.659 GC heap after
Heap after GC invocations=254 (full 251):
 PSYoungGen      total 37888K, used 32046K [0x00000000d6200000, 0x00000000dac00000, 0x0000000100000000)
  eden space 32768K, 97% used [0x00000000d6200000,0x00000000d814b9d8,0x00000000d8200000)
  from space 5120K, 0% used [0x00000000d8200000,0x00000000d8200000,0x00000000d8700000)
  to   space 5120K, 0% used [0x00000000da700000,0x00000000da700000,0x00000000dac00000)
 ParOldGen       total 207872K, used 207870K [0x0000000082600000, 0x000000008f100000, 0x00000000d6200000)
  object space 207872K, 99% used [0x0000000082600000,0x000000008f0ffa30,0x000000008f100000)
 Metaspace       used 13112K, capacity 13674K, committed 13824K, reserved 1060864K
  class space    used 1791K, capacity 1992K, committed 2048K, reserved 1048576K
}
Event: 21.690 GC heap before
{Heap before GC invocations=255 (full 252):
 PSYoungGen      total 37888K, used 32066K [0x00000000d6200000, 0x00000000dac00000, 0x0000000100000000)
  eden space 32768K, 97% used [0x00000000d6200000,0x00000000d8150ac0,0x00000000d8200000)
  from space 5120K, 0% used [0x00000000d8200000,0x00000000d8200000,0x00000000d8700000)
  to   space 5120K, 0% used [0x00000000da700000,0x00000000da700000,0x00000000dac00000)
 ParOldGen       total 207872K, used 207870K [0x0000000082600000, 0x000000008f100000, 0x00000000d6200000)
  object space 207872K, 99% used [0x0000000082600000,0x000000008f0ffa30,0x000000008f100000)
 Metaspace       used 13112K, capacity 13674K, committed 13824K, reserved 1060864K
  class space    used 1791K, capacity 1992K, committed 2048K, reserved 1048576K
Event: 21.725 GC heap after
Heap after GC invocations=255 (full 252):
 PSYoungGen      total 37888K, used 32046K [0x00000000d6200000, 0x00000000dac00000, 0x0000000100000000)
  eden space 32768K, 97% used [0x00000000d6200000,0x00000000d814b9d8,0x00000000d8200000)
  from space 5120K, 0% used [0x00000000d8200000,0x00000000d8200000,0x00000000d8700000)
  to   space 5120K, 0% used [0x00000000da700000,0x00000000da700000,0x00000000dac00000)
 ParOldGen       total 207872K, used 207870K [0x0000000082600000, 0x000000008f100000, 0x00000000d6200000)
  object space 207872K, 99% used [0x0000000082600000,0x000000008f0ffa30,0x000000008f100000)
 Metaspace       used 13112K, capacity 13674K, committed 13824K, reserved 1060864K
  class space    used 1791K, capacity 1992K, committed 2048K, reserved 1048576K
}
Event: 21.725 GC heap before
{Heap before GC invocations=256 (full 253):
 PSYoungGen      total 37888K, used 32046K [0x00000000d6200000, 0x00000000dac00000, 0x0000000100000000)
  eden space 32768K, 97% used [0x00000000d6200000,0x00000000d814b9d8,0x00000000d8200000)
  from space 5120K, 0% used [0x00000000d8200000,0x00000000d8200000,0x00000000d8700000)
  to   space 5120K, 0% used [0x00000000da700000,0x00000000da700000,0x00000000dac00000)
 ParOldGen       total 207872K, used 207870K [0x0000000082600000, 0x000000008f100000, 0x00000000d6200000)
  object space 207872K, 99% used [0x0000000082600000,0x000000008f0ffa30,0x000000008f100000)
 Metaspace       used 13112K, capacity 13674K, committed 13824K, reserved 1060864K
  class space    used 1791K, capacity 1992K, committed 2048K, reserved 1048576K
Event: 21.747 GC heap after
Heap after GC invocations=256 (full 253):
 PSYoungGen      total 37888K, used 32046K [0x00000000d6200000, 0x00000000dac00000, 0x0000000100000000)
  eden space 32768K, 97% used [0x00000000d6200000,0x00000000d814b9d8,0x00000000d8200000)
  from space 5120K, 0% used [0x00000000d8200000,0x00000000d8200000,0x00000000d8700000)
  to   space 5120K, 0% used [0x00000000da700000,0x00000000da700000,0x00000000dac00000)
 ParOldGen       total 207872K, used 207870K [0x0000000082600000, 0x000000008f100000, 0x00000000d6200000)
  object space 207872K, 99% used [0x0000000082600000,0x000000008f0ffa30,0x000000008f100000)
 Metaspace       used 13112K, capacity 13674K, committed 13824K, reserved 1060864K
  class space    used 1791K, capacity 1992K, committed 2048K, reserved 1048576K
}

Deoptimization events (10 events):
Event: 3.720 Thread 0x000000001bb1c800 Uncommon trap: reason=class_check action=maybe_recompile pc=0x00000000036b65e0 method=java.io.DataInputStream.readShort()S @ 4
Event: 3.720 Thread 0x000000001bb1c800 Uncommon trap: reason=class_check action=maybe_recompile pc=0x00000000036b65e0 method=java.io.DataInputStream.readShort()S @ 4
Event: 3.720 Thread 0x000000001bb1c800 Uncommon trap: reason=class_check action=maybe_recompile pc=0x00000000036b65e0 method=java.io.DataInputStream.readShort()S @ 4
Event: 3.731 Thread 0x000000001bb1c800 Uncommon trap: reason=class_check action=maybe_recompile pc=0x0000000003571aa8 method=java.lang.String.equals(Ljava/lang/Object;)Z @ 8
Event: 3.731 Thread 0x000000001bb1c800 Uncommon trap: reason=class_check action=maybe_recompile pc=0x0000000003571aa8 method=java.lang.String.equals(Ljava/lang/Object;)Z @ 8
Event: 3.731 Thread 0x000000001bb1c800 Uncommon trap: reason=class_check action=maybe_recompile pc=0x0000000003571aa8 method=java.lang.String.equals(Ljava/lang/Object;)Z @ 8
Event: 3.742 Thread 0x000000001bb1c800 Uncommon trap: reason=class_check action=maybe_recompile pc=0x0000000003571aa8 method=java.lang.String.equals(Ljava/lang/Object;)Z @ 8
Event: 3.790 Thread 0x000000001bb1c800 Uncommon trap: reason=unstable_if action=reinterpret pc=0x000000000377875c method=java.lang.String.regionMatches(ZILjava/lang/String;II)Z @ 123
Event: 3.872 Thread 0x000000001bb1c800 Uncommon trap: reason=unstable_if action=reinterpret pc=0x000000000370e3b8 method=sun.net.www.ParseUtil.encodePath(Ljava/lang/String;Z)Ljava/lang/String; @ 109
Event: 6.403 Thread 0x000000001bb1c800 Uncommon trap: reason=unstable_if action=reinterpret pc=0x00000000038762a0 method=java.util.HashMap$HashIterator.<init>(Ljava/util/HashMap;)V @ 45

Classes redefined (0 events):
No events

Internal exceptions (10 events):
Event: 20.979 Thread 0x000000001bc55800 Exception <a 'java/lang/OutOfMemoryError'> (0x000000008679f4e0) thrown at [C:\re\workspace\8-2-build-windows-amd64-cygwin\jdk8u181\11358\hotspot\src\share\vm\gc_interface/collectedHeap.inline.hpp, line 159]
Event: 21.054 Thread 0x000000001bc55800 Exception <a 'java/lang/OutOfMemoryError'> (0x000000008679f4e0) thrown at [C:\re\workspace\8-2-build-windows-amd64-cygwin\jdk8u181\11358\hotspot\src\share\vm\gc_interface/collectedHeap.inline.hpp, line 159]
Event: 21.134 Thread 0x000000001bc55800 Exception <a 'java/lang/OutOfMemoryError'> (0x000000008679f4e0) thrown at [C:\re\workspace\8-2-build-windows-amd64-cygwin\jdk8u181\11358\hotspot\src\share\vm\gc_interface/collectedHeap.inline.hpp, line 159]
Event: 21.227 Thread 0x000000001bc55800 Exception <a 'java/lang/OutOfMemoryError'> (0x000000008679f4e0) thrown at [C:\re\workspace\8-2-build-windows-amd64-cygwin\jdk8u181\11358\hotspot\src\share\vm\gc_interface/collectedHeap.inline.hpp, line 159]
Event: 21.315 Thread 0x000000001bc55800 Exception <a 'java/lang/OutOfMemoryError'> (0x000000008679f4e0) thrown at [C:\re\workspace\8-2-build-windows-amd64-cygwin\jdk8u181\11358\hotspot\src\share\vm\gc_interface/collectedHeap.inline.hpp, line 159]
Event: 21.402 Thread 0x000000001bc55800 Exception <a 'java/lang/OutOfMemoryError'> (0x000000008679f4e0) thrown at [C:\re\workspace\8-2-build-windows-amd64-cygwin\jdk8u181\11358\hotspot\src\share\vm\gc_interface/collectedHeap.inline.hpp, line 159]
Event: 21.487 Thread 0x000000001bc55800 Exception <a 'java/lang/OutOfMemoryError'> (0x000000008679f4e0) thrown at [C:\re\workspace\8-2-build-windows-amd64-cygwin\jdk8u181\11358\hotspot\src\share\vm\gc_interface/collectedHeap.inline.hpp, line 159]
Event: 21.573 Thread 0x000000001bc55800 Exception <a 'java/lang/OutOfMemoryError'> (0x000000008679f4e0) thrown at [C:\re\workspace\8-2-build-windows-amd64-cygwin\jdk8u181\11358\hotspot\src\share\vm\gc_interface/collectedHeap.inline.hpp, line 159]
Event: 21.664 Thread 0x000000001bc55800 Exception <a 'java/lang/OutOfMemoryError'> (0x000000008679f4e0) thrown at [C:\re\workspace\8-2-build-windows-amd64-cygwin\jdk8u181\11358\hotspot\src\share\vm\gc_interface/collectedHeap.inline.hpp, line 159]
Event: 21.747 Thread 0x000000001bc55800 Exception <a 'java/lang/OutOfMemoryError'> (0x000000008679f4e0) thrown at [C:\re\workspace\8-2-build-windows-amd64-cygwin\jdk8u181\11358\hotspot\src\share\vm\gc_interface/collectedHeap.inline.hpp, line 159]

Events (10 events):
Event: 21.339 Executing VM operation: ParallelGCFailedAllocation
Event: 21.402 Executing VM operation: ParallelGCFailedAllocation done
Event: 21.424 Executing VM operation: ParallelGCFailedAllocation
Event: 21.487 Executing VM operation: ParallelGCFailedAllocation done
Event: 21.508 Executing VM operation: ParallelGCFailedAllocation
Event: 21.572 Executing VM operation: ParallelGCFailedAllocation done
Event: 21.592 Executing VM operation: ParallelGCFailedAllocation
Event: 21.659 Executing VM operation: ParallelGCFailedAllocation done
Event: 21.689 Executing VM operation: ParallelGCFailedAllocation
Event: 21.747 Executing VM operation: ParallelGCFailedAllocation done


Dynamic libraries:
0x00007ff717490000 - 0x00007ff7174c7000 	C:\Program Files\Java\jre1.8.0_181\bin\javaw.exe
0x00007ff9cece0000 - 0x00007ff9ceec1000 	C:\WINDOWS\SYSTEM32\ntdll.dll
0x00007ff9ce500000 - 0x00007ff9ce5b2000 	C:\WINDOWS\System32\KERNEL32.DLL
0x00007ff9cb880000 - 0x00007ff9cbaf3000 	C:\WINDOWS\System32\KERNELBASE.dll
0x0000000065d50000 - 0x000000006606b000 	C:\Program Files\Norton Security\NortonData\22.11.1.5\Definitions\IPSDefs\20181129.063\IPSEng64.dll
0x00007ff9ceba0000 - 0x00007ff9cec41000 	C:\WINDOWS\System32\ADVAPI32.dll
0x00007ff9ce2b0000 - 0x00007ff9ce34e000 	C:\WINDOWS\System32\msvcrt.dll
0x00007ff9ce0c0000 - 0x00007ff9ce11b000 	C:\WINDOWS\System32\sechost.dll
0x00007ff9ce3d0000 - 0x00007ff9ce4f4000 	C:\WINDOWS\System32\RPCRT4.dll
0x00007ff9cc700000 - 0x00007ff9cc708000 	C:\WINDOWS\System32\PSAPI.DLL
0x00007ff9cc4d0000 - 0x00007ff9cc660000 	C:\WINDOWS\System32\USER32.dll
0x00007ff9cb0b0000 - 0x00007ff9cb0d0000 	C:\WINDOWS\System32\win32u.dll
0x00007ff9cc4a0000 - 0x00007ff9cc4c8000 	C:\WINDOWS\System32\GDI32.dll
0x00007ff9cbfd0000 - 0x00007ff9cc162000 	C:\WINDOWS\System32\gdi32full.dll
0x00007ff9cb0d0000 - 0x00007ff9cb16f000 	C:\WINDOWS\System32\msvcp_win.dll
0x00007ff9cbed0000 - 0x00007ff9cbfca000 	C:\WINDOWS\System32\ucrtbase.dll
0x00007ff9be830000 - 0x00007ff9bea99000 	C:\WINDOWS\WinSxS\amd64_microsoft.windows.common-controls_6595b64144ccf1df_6.0.17134.407_none_fb449d63306391e9\COMCTL32.dll
0x00007ff9cc170000 - 0x00007ff9cc492000 	C:\WINDOWS\System32\combase.dll
0x00007ff9cbbb0000 - 0x00007ff9cbc2a000 	C:\WINDOWS\System32\bcryptPrimitives.dll
0x00007ff9cc660000 - 0x00007ff9cc68d000 	C:\WINDOWS\System32\IMM32.DLL
0x00000000659e0000 - 0x0000000065ab2000 	C:\Program Files\Java\jre1.8.0_181\bin\msvcr100.dll
0x0000000064e30000 - 0x00000000656d2000 	C:\Program Files\Java\jre1.8.0_181\bin\server\jvm.dll
0x00007ff9b63f0000 - 0x00007ff9b63f9000 	C:\WINDOWS\SYSTEM32\WSOCK32.dll
0x00007ff9cc690000 - 0x00007ff9cc6fc000 	C:\WINDOWS\System32\WS2_32.dll
0x00007ff9c91f0000 - 0x00007ff9c9213000 	C:\WINDOWS\SYSTEM32\WINMM.dll
0x00007ff9c4510000 - 0x00007ff9c451a000 	C:\WINDOWS\SYSTEM32\VERSION.dll
0x00007ff9c8fa0000 - 0x00007ff9c8fca000 	C:\WINDOWS\SYSTEM32\WINMMBASE.dll
0x00007ff9cbb00000 - 0x00007ff9cbb49000 	C:\WINDOWS\System32\cfgmgr32.dll
0x0000000066150000 - 0x000000006615f000 	C:\Program Files\Java\jre1.8.0_181\bin\verify.dll
0x0000000066120000 - 0x0000000066149000 	C:\Program Files\Java\jre1.8.0_181\bin\java.dll
0x0000000066100000 - 0x0000000066116000 	C:\Program Files\Java\jre1.8.0_181\bin\zip.dll
0x00007ff9cc7c0000 - 0x00007ff9cdbff000 	C:\WINDOWS\System32\SHELL32.dll
0x00007ff9cc710000 - 0x00007ff9cc7b9000 	C:\WINDOWS\System32\shcore.dll
0x00007ff9cb170000 - 0x00007ff9cb87d000 	C:\WINDOWS\System32\windows.storage.dll
0x00007ff9cec50000 - 0x00007ff9ceca1000 	C:\WINDOWS\System32\shlwapi.dll
0x00007ff9cb050000 - 0x00007ff9cb061000 	C:\WINDOWS\System32\kernel.appcore.dll
0x00007ff9cb090000 - 0x00007ff9cb0af000 	C:\WINDOWS\System32\profapi.dll
0x00007ff9cb000000 - 0x00007ff9cb04c000 	C:\WINDOWS\System32\powrprof.dll
0x00007ff9caff0000 - 0x00007ff9caffa000 	C:\WINDOWS\System32\FLTLIB.DLL
0x0000000003150000 - 0x0000000003153000 	C:\Program Files\Java\jre1.8.0_181\bin\api-ms-win-core-console-l1-1-0.dll
0x0000000003210000 - 0x0000000003213000 	C:\Program Files\Java\jre1.8.0_181\bin\api-ms-win-core-datetime-l1-1-0.dll
0x0000000003220000 - 0x0000000003223000 	C:\Program Files\Java\jre1.8.0_181\bin\api-ms-win-core-debug-l1-1-0.dll
0x0000000003230000 - 0x0000000003233000 	C:\Program Files\Java\jre1.8.0_181\bin\api-ms-win-core-errorhandling-l1-1-0.dll
0x000000001b890000 - 0x000000001b894000 	C:\Program Files\Java\jre1.8.0_181\bin\api-ms-win-core-file-l1-1-0.dll
0x000000001b8a0000 - 0x000000001b8a3000 	C:\Program Files\Java\jre1.8.0_181\bin\api-ms-win-core-file-l1-2-0.dll
0x000000001b8b0000 - 0x000000001b8b3000 	C:\Program Files\Java\jre1.8.0_181\bin\api-ms-win-core-file-l2-1-0.dll
0x000000001b8c0000 - 0x000000001b8c3000 	C:\Program Files\Java\jre1.8.0_181\bin\api-ms-win-core-handle-l1-1-0.dll
0x000000001b8d0000 - 0x000000001b8d3000 	C:\Program Files\Java\jre1.8.0_181\bin\api-ms-win-core-heap-l1-1-0.dll
0x000000001b8e0000 - 0x000000001b8e3000 	C:\Program Files\Java\jre1.8.0_181\bin\api-ms-win-core-interlocked-l1-1-0.dll
0x000000001b8f0000 - 0x000000001b8f3000 	C:\Program Files\Java\jre1.8.0_181\bin\api-ms-win-core-libraryloader-l1-1-0.dll
0x000000001b900000 - 0x000000001b903000 	C:\Program Files\Java\jre1.8.0_181\bin\api-ms-win-core-localization-l1-2-0.dll
0x000000001b910000 - 0x000000001b913000 	C:\Program Files\Java\jre1.8.0_181\bin\api-ms-win-core-memory-l1-1-0.dll
0x000000001b920000 - 0x000000001b923000 	C:\Program Files\Java\jre1.8.0_181\bin\api-ms-win-core-namedpipe-l1-1-0.dll
0x000000001b930000 - 0x000000001b933000 	C:\Program Files\Java\jre1.8.0_181\bin\api-ms-win-core-processenvironment-l1-1-0.dll
0x000000001b940000 - 0x000000001b943000 	C:\Program Files\Java\jre1.8.0_181\bin\api-ms-win-core-processthreads-l1-1-0.dll
0x000000001b950000 - 0x000000001b953000 	C:\Program Files\Java\jre1.8.0_181\bin\api-ms-win-core-processthreads-l1-1-1.dll
0x000000001b960000 - 0x000000001b963000 	C:\Program Files\Java\jre1.8.0_181\bin\api-ms-win-core-profile-l1-1-0.dll
0x000000001b970000 - 0x000000001b973000 	C:\Program Files\Java\jre1.8.0_181\bin\api-ms-win-core-rtlsupport-l1-1-0.dll
0x000000001b980000 - 0x000000001b983000 	C:\Program Files\Java\jre1.8.0_181\bin\api-ms-win-core-string-l1-1-0.dll
0x000000001b990000 - 0x000000001b993000 	C:\Program Files\Java\jre1.8.0_181\bin\api-ms-win-core-synch-l1-1-0.dll
0x000000001b9a0000 - 0x000000001b9a3000 	C:\Program Files\Java\jre1.8.0_181\bin\api-ms-win-core-synch-l1-2-0.dll
0x000000001b9b0000 - 0x000000001b9b3000 	C:\Program Files\Java\jre1.8.0_181\bin\api-ms-win-core-sysinfo-l1-1-0.dll
0x000000001b9c0000 - 0x000000001b9c3000 	C:\Program Files\Java\jre1.8.0_181\bin\api-ms-win-core-timezone-l1-1-0.dll
0x000000001b9d0000 - 0x000000001b9d3000 	C:\Program Files\Java\jre1.8.0_181\bin\api-ms-win-core-util-l1-1-0.dll
0x000000001b9e0000 - 0x000000001b9e3000 	C:\Program Files\Java\jre1.8.0_181\bin\api-ms-win-crt-conio-l1-1-0.dll
0x000000001b9f0000 - 0x000000001b9f4000 	C:\Program Files\Java\jre1.8.0_181\bin\api-ms-win-crt-convert-l1-1-0.dll
0x000000001ba00000 - 0x000000001ba03000 	C:\Program Files\Java\jre1.8.0_181\bin\api-ms-win-crt-environment-l1-1-0.dll
0x000000001ba10000 - 0x000000001ba13000 	C:\Program Files\Java\jre1.8.0_181\bin\api-ms-win-crt-filesystem-l1-1-0.dll
0x000000001ba20000 - 0x000000001ba23000 	C:\Program Files\Java\jre1.8.0_181\bin\api-ms-win-crt-heap-l1-1-0.dll
0x000000001ba30000 - 0x000000001ba33000 	C:\Program Files\Java\jre1.8.0_181\bin\api-ms-win-crt-locale-l1-1-0.dll
0x000000001ba40000 - 0x000000001ba45000 	C:\Program Files\Java\jre1.8.0_181\bin\api-ms-win-crt-math-l1-1-0.dll
0x000000001ba50000 - 0x000000001ba55000 	C:\Program Files\Java\jre1.8.0_181\bin\api-ms-win-crt-multibyte-l1-1-0.dll
0x000000001ba60000 - 0x000000001ba70000 	C:\Program Files\Java\jre1.8.0_181\bin\api-ms-win-crt-private-l1-1-0.dll
0x000000001ba70000 - 0x000000001ba73000 	C:\Program Files\Java\jre1.8.0_181\bin\api-ms-win-crt-process-l1-1-0.dll
0x000000001ba80000 - 0x000000001ba84000 	C:\Program Files\Java\jre1.8.0_181\bin\api-ms-win-crt-runtime-l1-1-0.dll
0x000000001ba90000 - 0x000000001ba94000 	C:\Program Files\Java\jre1.8.0_181\bin\api-ms-win-crt-stdio-l1-1-0.dll
0x000000001baa0000 - 0x000000001baa4000 	C:\Program Files\Java\jre1.8.0_181\bin\api-ms-win-crt-string-l1-1-0.dll
0x000000001bab0000 - 0x000000001bab3000 	C:\Program Files\Java\jre1.8.0_181\bin\api-ms-win-crt-time-l1-1-0.dll
0x000000001bac0000 - 0x000000001bac3000 	C:\Program Files\Java\jre1.8.0_181\bin\api-ms-win-crt-utility-l1-1-0.dll
0x00007ff9a5a60000 - 0x00007ff9a5b56000 	C:\Program Files\Java\jre1.8.0_181\bin\ucrtbase.dll
0x00007ff9beeb0000 - 0x00007ff9beec6000 	C:\Program Files\Java\jre1.8.0_181\bin\vcruntime140.dll
0x00007ff99d8d0000 - 0x00007ff99d96c000 	C:\Program Files\Java\jre1.8.0_181\bin\msvcp140.dll
0x00007ff99cfa0000 - 0x00007ff99cff1000 	C:\Program Files\Java\jre1.8.0_181\bin\concrt140.dll
0x0000000065d20000 - 0x0000000065d43000 	C:\Program Files\Java\jre1.8.0_181\bin\prism_d3d.dll
0x00007ff9c3850000 - 0x00007ff9c39e7000 	C:\WINDOWS\system32\d3d9.dll
0x00007ff9c96a0000 - 0x00007ff9c96c9000 	C:\WINDOWS\SYSTEM32\dwmapi.dll
0x00007ff9c95d0000 - 0x00007ff9c9668000 	C:\WINDOWS\system32\uxtheme.dll
0x00007ff984270000 - 0x00007ff9874e4000 	C:\WINDOWS\System32\DriverStore\FileRepository\igdlh64.inf_amd64_e0192a3c6242af1f\igd9dxva64.dll
0x00007ff9ce690000 - 0x00007ff9ce7e1000 	C:\WINDOWS\System32\ole32.dll
0x00007ff9ce5c0000 - 0x00007ff9ce682000 	C:\WINDOWS\System32\OLEAUT32.dll
0x0000000065cd0000 - 0x0000000065d19000 	C:\Program Files\Java\jre1.8.0_181\bin\glass.dll
0x00007ff9ce9b0000 - 0x00007ff9cea9d000 	C:\WINDOWS\System32\COMDLG32.dll
0x00007ff9ce120000 - 0x00007ff9ce293000 	C:\WINDOWS\System32\MSCTF.dll
0x00007ff99c3c0000 - 0x00007ff99c3fd000 	C:\ProgramData\A-Volute\A-Volute.Nahimic\Modules\Scheduled\x64\Nahimic3DevProps.dll
0x00007ff99f7c0000 - 0x00007ff99f827000 	C:\ProgramData\A-Volute\A-Volute.Nahimic\Modules\Scheduled\x64\NahimicOSD.dll
0x00007ff9ceb00000 - 0x00007ff9ceba0000 	C:\WINDOWS\System32\clbcatq.dll
0x00007ff9bd710000 - 0x00007ff9bd786000 	C:\WINDOWS\System32\MMDevApi.dll
0x00007ff9cae00000 - 0x00007ff9cae27000 	C:\WINDOWS\System32\DEVOBJ.dll
0x00007ff9c79e0000 - 0x00007ff9c7b94000 	C:\WINDOWS\System32\PROPSYS.dll
0x00007ff9b9de0000 - 0x00007ff9b9f0c000 	C:\WINDOWS\SYSTEM32\AUDIOSES.DLL
0x00007ff9c7060000 - 0x00007ff9c71ad000 	C:\WINDOWS\SYSTEM32\wintypes.dll
0x00007ff9c6ac0000 - 0x00007ff9c6aca000 	C:\WINDOWS\SYSTEM32\AVRT.dll
0x00000000659c0000 - 0x00000000659d4000 	C:\Program Files\Java\jre1.8.0_181\bin\javafx_font.dll
0x00007ff9c1c80000 - 0x00007ff9c1f9c000 	C:\WINDOWS\SYSTEM32\dwrite.dll
0x0000000064e00000 - 0x0000000064e23000 	C:\Program Files\Java\jre1.8.0_181\bin\javafx_iio.dll
0x00007ff9c6c80000 - 0x00007ff9c6e2e000 	C:\WINDOWS\SYSTEM32\WindowsCodecs.dll
0x00007ff9c14f0000 - 0x00007ff9c1586000 	C:\WINDOWS\System32\TextInputFramework.dll
0x00007ff9c6290000 - 0x00007ff9c65ae000 	C:\WINDOWS\System32\CoreUIComponents.dll
0x00007ff9c8fd0000 - 0x00007ff9c90aa000 	C:\WINDOWS\System32\CoreMessaging.dll
0x00007ff9ca0e0000 - 0x00007ff9ca111000 	C:\WINDOWS\SYSTEM32\ntmarta.dll
0x0000000064de0000 - 0x0000000064df2000 	C:\Program Files\Java\jre1.8.0_181\bin\prism_common.dll

VM Arguments:
jvm_args: -Dfile.encoding=Cp1252 
java_command: application.Main
java_class_path (initial): C:\Program Files\Java\jre1.8.0_181\lib\resources.jar;C:\Program Files\Java\jre1.8.0_181\lib\rt.jar;C:\Program Files\Java\jre1.8.0_181\lib\jsse.jar;C:\Program Files\Java\jre1.8.0_181\lib\jce.jar;C:\Program Files\Java\jre1.8.0_181\lib\charsets.jar;C:\Program Files\Java\jre1.8.0_181\lib\jfr.jar;C:\Program Files\Java\jre1.8.0_181\lib\ext\access-bridge-64.jar;C:\Program Files\Java\jre1.8.0_181\lib\ext\cldrdata.jar;C:\Program Files\Java\jre1.8.0_181\lib\ext\dnsns.jar;C:\Program Files\Java\jre1.8.0_181\lib\ext\jaccess.jar;C:\Program Files\Java\jre1.8.0_181\lib\ext\jfxrt.jar;C:\Program Files\Java\jre1.8.0_181\lib\ext\localedata.jar;C:\Program Files\Java\jre1.8.0_181\lib\ext\nashorn.jar;C:\Program Files\Java\jre1.8.0_181\lib\ext\sunec.jar;C:\Program Files\Java\jre1.8.0_181\lib\ext\sunjce_provider.jar;C:\Program Files\Java\jre1.8.0_181\lib\ext\sunmscapi.jar;C:\Program Files\Java\jre1.8.0_181\lib\ext\sunpkcs11.jar;C:\Program Files\Java\jre1.8.0_181\lib\ext\zipfs.jar;D:\eclips-workspace\Dianosaur\bin;C:\Users\user\.p2\pool\plugins\org.eclipse.fx.ide.css.jfx8_3.0.0.201705220750.jar
Launcher Type: SUN_STANDARD

Environment Variables:
USERNAME=user
OS=Windows_NT
PROCESSOR_IDENTIFIER=Intel64 Family 6 Model 158 Stepping 10, GenuineIntel



---------------  S Y S T E M  ---------------

OS: Windows 10.0 , 64 bit Build 17134 (10.0.17134.1)

CPU:total 12 (initial active 12) (6 cores per cpu, 2 threads per core) family 6 model 158 stepping 10, cmov, cx8, fxsr, mmx, sse, sse2, sse3, ssse3, sse4.1, sse4.2, popcnt, avx, avx2, aes, clmul, erms, 3dnowpref, lzcnt, ht, tsc, tscinvbit, bmi1, bmi2, adx

Memory: 4k page, physical 8231144k(689260k free), swap 23690340k(1652k free)

vm_info: Java HotSpot(TM) 64-Bit Server VM (25.181-b13) for windows-amd64 JRE (1.8.0_181-b13), built on Jul  7 2018 04:01:33 by "java_re" with MS VC++ 10.0 (VS2010)

time: Fri Nov 30 23:00:14 2018
elapsed time: 21 seconds (0d 0h 0m 21s)

