#
# There is insufficient memory for the Java Runtime Environment to continue.
# Native memory allocation (malloc) failed to allocate 1048576 bytes for AllocateHeap
# Possible reasons:
#   The system is out of physical RAM or swap space
#   In 32 bit mode, the process size limit was hit
# Possible solutions:
#   Reduce memory load on the system
#   Increase physical memory or swap space
#   Check if swap backing store is full
#   Use 64 bit Java on a 64 bit OS
#   Decrease Java heap size (-Xmx/-Xms)
#   Decrease number of Java threads
#   Decrease Java thread stack sizes (-Xss)
#   Set larger code cache with -XX:ReservedCodeCacheSize=
# This output file may be truncated or incomplete.
#
#  Out of Memory Error (memory/allocation.inline.hpp:61), pid=21968, tid=0x0000000000001d94
#
# JRE version:  (8.0_181-b13) (build )
# Java VM: Java HotSpot(TM) 64-Bit Server VM (25.181-b13 mixed mode windows-amd64 compressed oops)
# Failed to write core dump. Minidumps are not enabled by default on client versions of Windows
#

---------------  T H R E A D  ---------------

Current thread (0x00000000026f2800):  JavaThread "Unknown thread" [_thread_in_vm, id=7572, stack(0x0000000002590000,0x0000000002690000)]

Stack: [0x0000000002590000,0x0000000002690000]
[error occurred during error reporting (printing stack bounds), id 0xc0000005]

Native frames: (J=compiled Java code, j=interpreted, Vv=VM code, C=native code)


---------------  P R O C E S S  ---------------

Java Threads: ( => current thread )

Other Threads:

=>0x00000000026f2800 (exited) JavaThread "Unknown thread" [_thread_in_vm, id=7572, stack(0x0000000002590000,0x0000000002690000)]

VM state:not at safepoint (normal execution)

VM Mutex/Monitor currently owned by a thread: None

Heap:
 PSYoungGen      total 37888K, used 655K [0x00000000d6200000, 0x00000000d8c00000, 0x0000000100000000)
  eden space 32768K, 2% used [0x00000000d6200000,0x00000000d62a3d80,0x00000000d8200000)
  from space 5120K, 0% used [0x00000000d8700000,0x00000000d8700000,0x00000000d8c00000)
  to   space 5120K, 0% used [0x00000000d8200000,0x00000000d8200000,0x00000000d8700000)
 ParOldGen       total 86016K, used 0K [0x0000000082600000, 0x0000000087a00000, 0x00000000d6200000)
  object space 86016K, 0% used [0x0000000082600000,0x0000000082600000,0x0000000087a00000)
 Metaspace       used 751K, capacity 4480K, committed 4480K, reserved 1056768K
  class space    used 76K, capacity 384K, committed 384K, reserved 1048576K

Card table byte_map: [0x0000000011bb0000,0x0000000011fa0000] byte_map_base: 0x000000001179d000

Marking Bits: (ParMarkBitMap*) 0x0000000065652d00
 Begin Bits: [0x0000000012c40000, 0x0000000014ba8000)
 End Bits:   [0x0000000014ba8000, 0x0000000016b10000)

Polling page: 0x0000000000a90000

CodeCache: size=245760Kb used=328Kb max_used=328Kb free=245431Kb
 bounds [0x00000000027f0000, 0x0000000002a60000, 0x00000000117f0000]
 total_blobs=58 nmethods=0 adapters=38
 compilation: enabled

Compilation events (0 events):
No events

GC Heap History (0 events):
No events

Deoptimization events (0 events):
No events

Classes redefined (0 events):
No events

Internal exceptions (0 events):
No events

Events (10 events):
Event: 0.083 loading class java/lang/Short
Event: 0.083 loading class java/lang/Short done
Event: 0.083 loading class java/lang/Integer
Event: 0.083 loading class java/lang/Integer done
Event: 0.083 loading class java/lang/Long
Event: 0.083 loading class java/lang/Long done
Event: 0.085 loading class java/lang/NullPointerException
Event: 0.085 loading class java/lang/NullPointerException done
Event: 0.085 loading class java/lang/ArithmeticException
Event: 0.085 loading class java/lang/ArithmeticException done


Dynamic libraries:
0x00007ff717490000 - 0x00007ff7174c7000 	C:\Program Files\Java\jre1.8.0_181\bin\javaw.exe
0x00007ff9cece0000 - 0x00007ff9ceec1000 	C:\WINDOWS\SYSTEM32\ntdll.dll
0x00007ff9ce500000 - 0x00007ff9ce5b2000 	C:\WINDOWS\System32\KERNEL32.DLL
0x00007ff9cb880000 - 0x00007ff9cbaf3000 	C:\WINDOWS\System32\KERNELBASE.dll
0x0000000065d50000 - 0x000000006606b000 	C:\Program Files\Norton Security\NortonData\22.11.1.5\Definitions\IPSDefs\20181129.063\IPSEng64.dll
0x00007ff9ceba0000 - 0x00007ff9cec41000 	C:\WINDOWS\System32\ADVAPI32.dll
0x00007ff9ce2b0000 - 0x00007ff9ce34e000 	C:\WINDOWS\System32\msvcrt.dll
0x00007ff9ce0c0000 - 0x00007ff9ce11b000 	C:\WINDOWS\System32\sechost.dll
0x00007ff9ce3d0000 - 0x00007ff9ce4f4000 	C:\WINDOWS\System32\RPCRT4.dll
0x00007ff9cc700000 - 0x00007ff9cc708000 	C:\WINDOWS\System32\PSAPI.DLL
0x00007ff9cc4d0000 - 0x00007ff9cc660000 	C:\WINDOWS\System32\USER32.dll
0x00007ff9cb0b0000 - 0x00007ff9cb0d0000 	C:\WINDOWS\System32\win32u.dll
0x00007ff9cc4a0000 - 0x00007ff9cc4c8000 	C:\WINDOWS\System32\GDI32.dll
0x00007ff9cbfd0000 - 0x00007ff9cc162000 	C:\WINDOWS\System32\gdi32full.dll
0x00007ff9cb0d0000 - 0x00007ff9cb16f000 	C:\WINDOWS\System32\msvcp_win.dll
0x00007ff9cbed0000 - 0x00007ff9cbfca000 	C:\WINDOWS\System32\ucrtbase.dll
0x00007ff9be830000 - 0x00007ff9bea99000 	C:\WINDOWS\WinSxS\amd64_microsoft.windows.common-controls_6595b64144ccf1df_6.0.17134.407_none_fb449d63306391e9\COMCTL32.dll
0x00007ff9cc170000 - 0x00007ff9cc492000 	C:\WINDOWS\System32\combase.dll
0x00007ff9cbbb0000 - 0x00007ff9cbc2a000 	C:\WINDOWS\System32\bcryptPrimitives.dll
0x00007ff9cc660000 - 0x00007ff9cc68d000 	C:\WINDOWS\System32\IMM32.DLL
0x00000000659e0000 - 0x0000000065ab2000 	C:\Program Files\Java\jre1.8.0_181\bin\msvcr100.dll
0x0000000064e30000 - 0x00000000656d2000 	C:\Program Files\Java\jre1.8.0_181\bin\server\jvm.dll
0x00007ff9b63f0000 - 0x00007ff9b63f9000 	C:\WINDOWS\SYSTEM32\WSOCK32.dll
0x00007ff9cc690000 - 0x00007ff9cc6fc000 	C:\WINDOWS\System32\WS2_32.dll
0x00007ff9c91f0000 - 0x00007ff9c9213000 	C:\WINDOWS\SYSTEM32\WINMM.dll
0x00007ff9c4510000 - 0x00007ff9c451a000 	C:\WINDOWS\SYSTEM32\VERSION.dll
0x00007ff9c8fa0000 - 0x00007ff9c8fca000 	C:\WINDOWS\SYSTEM32\WINMMBASE.dll
0x00007ff9cbb00000 - 0x00007ff9cbb49000 	C:\WINDOWS\System32\cfgmgr32.dll
0x0000000066150000 - 0x000000006615f000 	C:\Program Files\Java\jre1.8.0_181\bin\verify.dll
0x0000000066120000 - 0x0000000066149000 	C:\Program Files\Java\jre1.8.0_181\bin\java.dll
0x0000000066100000 - 0x0000000066116000 	C:\Program Files\Java\jre1.8.0_181\bin\zip.dll

VM Arguments:
jvm_args: -Dfile.encoding=Cp1252 
java_command: application.Main
java_class_path (initial): C:\Program Files\Java\jre1.8.0_181\lib\resources.jar;C:\Program Files\Java\jre1.8.0_181\lib\rt.jar;C:\Program Files\Java\jre1.8.0_181\lib\jsse.jar;C:\Program Files\Java\jre1.8.0_181\lib\jce.jar;C:\Program Files\Java\jre1.8.0_181\lib\charsets.jar;C:\Program Files\Java\jre1.8.0_181\lib\jfr.jar;C:\Program Files\Java\jre1.8.0_181\lib\ext\access-bridge-64.jar;C:\Program Files\Java\jre1.8.0_181\lib\ext\cldrdata.jar;C:\Program Files\Java\jre1.8.0_181\lib\ext\dnsns.jar;C:\Program Files\Java\jre1.8.0_181\lib\ext\jaccess.jar;C:\Program Files\Java\jre1.8.0_181\lib\ext\jfxrt.jar;C:\Program Files\Java\jre1.8.0_181\lib\ext\localedata.jar;C:\Program Files\Java\jre1.8.0_181\lib\ext\nashorn.jar;C:\Program Files\Java\jre1.8.0_181\lib\ext\sunec.jar;C:\Program Files\Java\jre1.8.0_181\lib\ext\sunjce_provider.jar;C:\Program Files\Java\jre1.8.0_181\lib\ext\sunmscapi.jar;C:\Program Files\Java\jre1.8.0_181\lib\ext\sunpkcs11.jar;C:\Program Files\Java\jre1.8.0_181\lib\ext\zipfs.jar;D:\eclips-workspace\Dianosaur\bin;C:\Users\user\.p2\pool\plugins\org.eclipse.fx.ide.css.jfx8_3.0.0.201705220750.jar
Launcher Type: SUN_STANDARD

Environment Variables:
USERNAME=user
OS=Windows_NT
PROCESSOR_IDENTIFIER=Intel64 Family 6 Model 158 Stepping 10, GenuineIntel



---------------  S Y S T E M  ---------------

OS: Windows 10.0 , 64 bit Build 17134 (10.0.17134.1)

CPU:total 12 (initial active 12) (6 cores per cpu, 2 threads per core) family 6 model 158 stepping 10, cmov, cx8, fxsr, mmx, sse, sse2, sse3, ssse3, sse4.1, sse4.2, popcnt, avx, avx2, aes, clmul, erms, 3dnowpref, lzcnt, ht, tsc, tscinvbit, bmi1, bmi2, adx

Memory: 4k page, physical 8231144k(953256k free), swap 23690340k(6088k free)

vm_info: Java HotSpot(TM) 64-Bit Server VM (25.181-b13) for windows-amd64 JRE (1.8.0_181-b13), built on Jul  7 2018 04:01:33 by "java_re" with MS VC++ 10.0 (VS2010)

time: Fri Nov 30 23:00:21 2018
elapsed time: 0 seconds (0d 0h 0m 0s)

