#
# There is insufficient memory for the Java Runtime Environment to continue.
# Native memory allocation (malloc) failed to allocate 327856 bytes for Chunk::new
# Possible reasons:
#   The system is out of physical RAM or swap space
#   In 32 bit mode, the process size limit was hit
# Possible solutions:
#   Reduce memory load on the system
#   Increase physical memory or swap space
#   Check if swap backing store is full
#   Use 64 bit Java on a 64 bit OS
#   Decrease Java heap size (-Xmx/-Xms)
#   Decrease number of Java threads
#   Decrease Java thread stack sizes (-Xss)
#   Set larger code cache with -XX:ReservedCodeCacheSize=
# This output file may be truncated or incomplete.
#
#  Out of Memory Error (allocation.cpp:390), pid=14760, tid=0x0000000000003d64
#
# JRE version: Java(TM) SE Runtime Environment (8.0_181-b13) (build 1.8.0_181-b13)
# Java VM: Java HotSpot(TM) 64-Bit Server VM (25.181-b13 mixed mode windows-amd64 compressed oops)
# Failed to write core dump. Minidumps are not enabled by default on client versions of Windows
#

---------------  T H R E A D  ---------------

Current thread (0x00000000197d8000):  JavaThread "C2 CompilerThread1" daemon [_thread_in_native, id=15716, stack(0x000000001af20000,0x000000001b020000)]

Stack: [0x000000001af20000,0x000000001b020000]
[error occurred during error reporting (printing stack bounds), id 0xc0000005]

Native frames: (J=compiled Java code, j=interpreted, Vv=VM code, C=native code)


Current CompileTask:
C2:  21780 1399       4       java.util.regex.Pattern$Curly::match0 (174 bytes)


---------------  P R O C E S S  ---------------

Java Threads: ( => current thread )
  0x0000000002ef2800 JavaThread "DestroyJavaVM" [_thread_blocked, id=932, stack(0x0000000002df0000,0x0000000002ef0000)]
  0x000000001b6ff000 JavaThread "Prism Font Disposer" daemon [_thread_blocked, id=22624, stack(0x00000000255d0000,0x00000000256d0000)]
  0x000000001b640000 JavaThread "Thread-4" [_thread_blocked, id=23272, stack(0x0000000023270000,0x0000000023370000)]
  0x000000001b5b5000 JavaThread "Thread-2" daemon [_thread_in_native, id=11080, stack(0x0000000023070000,0x0000000023170000)]
  0x000000001b4e9800 JavaThread "Thread-1" daemon [_thread_blocked, id=9788, stack(0x000000001c1c0000,0x000000001c2c0000)]
  0x0000000019865800 JavaThread "Service Thread" daemon [_thread_blocked, id=21336, stack(0x000000001b220000,0x000000001b320000)]
  0x00000000197ea000 JavaThread "C1 CompilerThread3" daemon [_thread_blocked, id=24236, stack(0x000000001b120000,0x000000001b220000)]
  0x00000000197e1800 JavaThread "C2 CompilerThread2" daemon [_thread_blocked, id=10252, stack(0x000000001b020000,0x000000001b120000)]
=>0x00000000197d8000 JavaThread "C2 CompilerThread1" daemon [_thread_in_native, id=15716, stack(0x000000001af20000,0x000000001b020000)]
  0x00000000197d1800 JavaThread "C2 CompilerThread0" daemon [_thread_blocked, id=21804, stack(0x000000001ae20000,0x000000001af20000)]
  0x00000000197cf000 JavaThread "Attach Listener" daemon [_thread_blocked, id=18148, stack(0x000000001ad20000,0x000000001ae20000)]
  0x00000000197ce000 JavaThread "Signal Dispatcher" daemon [_thread_blocked, id=22992, stack(0x000000001ac20000,0x000000001ad20000)]
  0x0000000002feb800 JavaThread "Finalizer" daemon [_thread_blocked, id=2820, stack(0x000000001aa30000,0x000000001ab30000)]
  0x0000000002fea000 JavaThread "Reference Handler" daemon [_thread_blocked, id=16428, stack(0x000000001a930000,0x000000001aa30000)]

Other Threads:
  0x00000000180e6800 VMThread [stack: 0x000000001a830000,0x000000001a930000] [id=11740]
  0x0000000019867000 WatcherThread [stack: 0x000000001b320000,0x000000001b420000] [id=3232]

VM state:at safepoint (normal execution)

VM Mutex/Monitor currently owned by a thread:  ([mutex/lock_event])
[0x0000000002dee6f0] Threads_lock - owner thread: 0x00000000180e6800
[0x0000000002deeb70] Heap_lock - owner thread: 0x000000001b640000

Heap:
 PSYoungGen      total 37888K, used 32056K [0x00000000d6200000, 0x00000000dac00000, 0x0000000100000000)
  eden space 32768K, 97% used [0x00000000d6200000,0x00000000d814e290,0x00000000d8200000)
  from space 5120K, 0% used [0x00000000d8200000,0x00000000d8200000,0x00000000d8700000)
  to   space 5120K, 0% used [0x00000000da700000,0x00000000da700000,0x00000000dac00000)
 ParOldGen       total 206848K, used 206237K [0x0000000082600000, 0x000000008f000000, 0x00000000d6200000)
  object space 206848K, 99% used [0x0000000082600000,0x000000008ef674a0,0x000000008f000000)
 Metaspace       used 13037K, capacity 13606K, committed 13824K, reserved 1060864K
  class space    used 1792K, capacity 1992K, committed 2048K, reserved 1048576K

Card table byte_map: [0x00000000123b0000,0x00000000127a0000] byte_map_base: 0x0000000011f9d000

Marking Bits: (ParMarkBitMap*) 0x0000000065652d00
 Begin Bits: [0x0000000013440000, 0x00000000153a8000)
 End Bits:   [0x00000000153a8000, 0x0000000017310000)

Polling page: 0x0000000002c00000

CodeCache: size=245760Kb used=4674Kb max_used=4674Kb free=241085Kb
 bounds [0x0000000002ff0000, 0x0000000003490000, 0x0000000011ff0000]
 total_blobs=2005 nmethods=1374 adapters=543
 compilation: enabled

Compilation events (10 events):
Event: 20.097 Thread 0x00000000197ea000 nmethod 1393 0x000000000347edd0 code [0x000000000347f080, 0x0000000003480268]
Event: 20.097 Thread 0x00000000197ea000 1394       3       javafx.scene.image.Image::getProgress (19 bytes)
Event: 20.098 Thread 0x00000000197ea000 nmethod 1394 0x0000000003480e90 code [0x0000000003481000, 0x00000000034813c8]
Event: 20.109 Thread 0x00000000197ea000 1395       3       javafx.scene.Node::getMiscProperties (25 bytes)
Event: 20.110 Thread 0x00000000197ea000 nmethod 1395 0x0000000003481510 code [0x0000000003481680, 0x00000000034819d0]
Event: 20.110 Thread 0x00000000197ea000 1396       3       javafx.scene.Node$MiscProperties::disableProperty (25 bytes)
Event: 20.170 Thread 0x00000000197ea000 nmethod 1396 0x0000000003481b50 code [0x0000000003481ce0, 0x0000000003482130]
Event: 20.259 Thread 0x00000000197ea000 1397  s    3       java.lang.Throwable::fillInStackTrace (29 bytes)
Event: 20.260 Thread 0x00000000197ea000 nmethod 1397 0x0000000003482750 code [0x00000000034828c0, 0x0000000003482c68]
Event: 21.614 Thread 0x00000000197d8000 1399       4       java.util.regex.Pattern$Curly::match0 (174 bytes)

GC Heap History (10 events):
Event: 21.572 GC heap before
{Heap before GC invocations=256 (full 253):
 PSYoungGen      total 37888K, used 32036K [0x00000000d6200000, 0x00000000dac00000, 0x0000000100000000)
  eden space 32768K, 97% used [0x00000000d6200000,0x00000000d81491a8,0x00000000d8200000)
  from space 5120K, 0% used [0x00000000d8200000,0x00000000d8200000,0x00000000d8700000)
  to   space 5120K, 0% used [0x00000000da700000,0x00000000da700000,0x00000000dac00000)
 ParOldGen       total 206848K, used 206237K [0x0000000082600000, 0x000000008f000000, 0x00000000d6200000)
  object space 206848K, 99% used [0x0000000082600000,0x000000008ef674a0,0x000000008f000000)
 Metaspace       used 13037K, capacity 13606K, committed 13824K, reserved 1060864K
  class space    used 1792K, capacity 1992K, committed 2048K, reserved 1048576K
Event: 21.596 GC heap after
Heap after GC invocations=256 (full 253):
 PSYoungGen      total 37888K, used 32036K [0x00000000d6200000, 0x00000000dac00000, 0x0000000100000000)
  eden space 32768K, 97% used [0x00000000d6200000,0x00000000d81491a8,0x00000000d8200000)
  from space 5120K, 0% used [0x00000000d8200000,0x00000000d8200000,0x00000000d8700000)
  to   space 5120K, 0% used [0x00000000da700000,0x00000000da700000,0x00000000dac00000)
 ParOldGen       total 206848K, used 206237K [0x0000000082600000, 0x000000008f000000, 0x00000000d6200000)
  object space 206848K, 99% used [0x0000000082600000,0x000000008ef674a0,0x000000008f000000)
 Metaspace       used 13037K, capacity 13606K, committed 13824K, reserved 1060864K
  class space    used 1792K, capacity 1992K, committed 2048K, reserved 1048576K
}
Event: 21.617 GC heap before
{Heap before GC invocations=257 (full 254):
 PSYoungGen      total 37888K, used 32056K [0x00000000d6200000, 0x00000000dac00000, 0x0000000100000000)
  eden space 32768K, 97% used [0x00000000d6200000,0x00000000d814e290,0x00000000d8200000)
  from space 5120K, 0% used [0x00000000d8200000,0x00000000d8200000,0x00000000d8700000)
  to   space 5120K, 0% used [0x00000000da700000,0x00000000da700000,0x00000000dac00000)
 ParOldGen       total 206848K, used 206237K [0x0000000082600000, 0x000000008f000000, 0x00000000d6200000)
  object space 206848K, 99% used [0x0000000082600000,0x000000008ef674a0,0x000000008f000000)
 Metaspace       used 13037K, capacity 13606K, committed 13824K, reserved 1060864K
  class space    used 1792K, capacity 1992K, committed 2048K, reserved 1048576K
Event: 21.646 GC heap after
Heap after GC invocations=257 (full 254):
 PSYoungGen      total 37888K, used 32036K [0x00000000d6200000, 0x00000000dac00000, 0x0000000100000000)
  eden space 32768K, 97% used [0x00000000d6200000,0x00000000d81491a8,0x00000000d8200000)
  from space 5120K, 0% used [0x00000000d8200000,0x00000000d8200000,0x00000000d8700000)
  to   space 5120K, 0% used [0x00000000da700000,0x00000000da700000,0x00000000dac00000)
 ParOldGen       total 206848K, used 206237K [0x0000000082600000, 0x000000008f000000, 0x00000000d6200000)
  object space 206848K, 99% used [0x0000000082600000,0x000000008ef674a0,0x000000008f000000)
 Metaspace       used 13037K, capacity 13606K, committed 13824K, reserved 1060864K
  class space    used 1792K, capacity 1992K, committed 2048K, reserved 1048576K
}
Event: 21.646 GC heap before
{Heap before GC invocations=258 (full 255):
 PSYoungGen      total 37888K, used 32036K [0x00000000d6200000, 0x00000000dac00000, 0x0000000100000000)
  eden space 32768K, 97% used [0x00000000d6200000,0x00000000d81491a8,0x00000000d8200000)
  from space 5120K, 0% used [0x00000000d8200000,0x00000000d8200000,0x00000000d8700000)
  to   space 5120K, 0% used [0x00000000da700000,0x00000000da700000,0x00000000dac00000)
 ParOldGen       total 206848K, used 206237K [0x0000000082600000, 0x000000008f000000, 0x00000000d6200000)
  object space 206848K, 99% used [0x0000000082600000,0x000000008ef674a0,0x000000008f000000)
 Metaspace       used 13037K, capacity 13606K, committed 13824K, reserved 1060864K
  class space    used 1792K, capacity 1992K, committed 2048K, reserved 1048576K
Event: 21.675 GC heap after
Heap after GC invocations=258 (full 255):
 PSYoungGen      total 37888K, used 32036K [0x00000000d6200000, 0x00000000dac00000, 0x0000000100000000)
  eden space 32768K, 97% used [0x00000000d6200000,0x00000000d81491a8,0x00000000d8200000)
  from space 5120K, 0% used [0x00000000d8200000,0x00000000d8200000,0x00000000d8700000)
  to   space 5120K, 0% used [0x00000000da700000,0x00000000da700000,0x00000000dac00000)
 ParOldGen       total 206848K, used 206237K [0x0000000082600000, 0x000000008f000000, 0x00000000d6200000)
  object space 206848K, 99% used [0x0000000082600000,0x000000008ef674a0,0x000000008f000000)
 Metaspace       used 13037K, capacity 13606K, committed 13824K, reserved 1060864K
  class space    used 1792K, capacity 1992K, committed 2048K, reserved 1048576K
}
Event: 21.694 GC heap before
{Heap before GC invocations=259 (full 256):
 PSYoungGen      total 37888K, used 32056K [0x00000000d6200000, 0x00000000dac00000, 0x0000000100000000)
  eden space 32768K, 97% used [0x00000000d6200000,0x00000000d814e290,0x00000000d8200000)
  from space 5120K, 0% used [0x00000000d8200000,0x00000000d8200000,0x00000000d8700000)
  to   space 5120K, 0% used [0x00000000da700000,0x00000000da700000,0x00000000dac00000)
 ParOldGen       total 206848K, used 206237K [0x0000000082600000, 0x000000008f000000, 0x00000000d6200000)
  object space 206848K, 99% used [0x0000000082600000,0x000000008ef674a0,0x000000008f000000)
 Metaspace       used 13037K, capacity 13606K, committed 13824K, reserved 1060864K
  class space    used 1792K, capacity 1992K, committed 2048K, reserved 1048576K
Event: 21.715 GC heap after
Heap after GC invocations=259 (full 256):
 PSYoungGen      total 37888K, used 32036K [0x00000000d6200000, 0x00000000dac00000, 0x0000000100000000)
  eden space 32768K, 97% used [0x00000000d6200000,0x00000000d81491a8,0x00000000d8200000)
  from space 5120K, 0% used [0x00000000d8200000,0x00000000d8200000,0x00000000d8700000)
  to   space 5120K, 0% used [0x00000000da700000,0x00000000da700000,0x00000000dac00000)
 ParOldGen       total 206848K, used 206237K [0x0000000082600000, 0x000000008f000000, 0x00000000d6200000)
  object space 206848K, 99% used [0x0000000082600000,0x000000008ef674a0,0x000000008f000000)
 Metaspace       used 13037K, capacity 13606K, committed 13824K, reserved 1060864K
  class space    used 1792K, capacity 1992K, committed 2048K, reserved 1048576K
}
Event: 21.715 GC heap before
{Heap before GC invocations=260 (full 257):
 PSYoungGen      total 37888K, used 32036K [0x00000000d6200000, 0x00000000dac00000, 0x0000000100000000)
  eden space 32768K, 97% used [0x00000000d6200000,0x00000000d81491a8,0x00000000d8200000)
  from space 5120K, 0% used [0x00000000d8200000,0x00000000d8200000,0x00000000d8700000)
  to   space 5120K, 0% used [0x00000000da700000,0x00000000da700000,0x00000000dac00000)
 ParOldGen       total 206848K, used 206237K [0x0000000082600000, 0x000000008f000000, 0x00000000d6200000)
  object space 206848K, 99% used [0x0000000082600000,0x000000008ef674a0,0x000000008f000000)
 Metaspace       used 13037K, capacity 13606K, committed 13824K, reserved 1060864K
  class space    used 1792K, capacity 1992K, committed 2048K, reserved 1048576K
Event: 21.755 GC heap after
Heap after GC invocations=260 (full 257):
 PSYoungGen      total 37888K, used 32036K [0x00000000d6200000, 0x00000000dac00000, 0x0000000100000000)
  eden space 32768K, 97% used [0x00000000d6200000,0x00000000d81491a8,0x00000000d8200000)
  from space 5120K, 0% used [0x00000000d8200000,0x00000000d8200000,0x00000000d8700000)
  to   space 5120K, 0% used [0x00000000da700000,0x00000000da700000,0x00000000dac00000)
 ParOldGen       total 206848K, used 206237K [0x0000000082600000, 0x000000008f000000, 0x00000000d6200000)
  object space 206848K, 99% used [0x0000000082600000,0x000000008ef674a0,0x000000008f000000)
 Metaspace       used 13037K, capacity 13606K, committed 13824K, reserved 1060864K
  class space    used 1792K, capacity 1992K, committed 2048K, reserved 1048576K
}

Deoptimization events (10 events):
Event: 3.988 Thread 0x000000001b4f0800 Uncommon trap: reason=class_check action=maybe_recompile pc=0x0000000003268520 method=java.io.DataInputStream.readShort()S @ 4
Event: 3.988 Thread 0x000000001b4f0800 Uncommon trap: reason=class_check action=maybe_recompile pc=0x0000000003268520 method=java.io.DataInputStream.readShort()S @ 4
Event: 3.989 Thread 0x000000001b4f0800 Uncommon trap: reason=class_check action=maybe_recompile pc=0x0000000003268520 method=java.io.DataInputStream.readShort()S @ 4
Event: 3.994 Thread 0x000000001b4f0800 Uncommon trap: reason=class_check action=maybe_recompile pc=0x0000000003113128 method=java.lang.String.equals(Ljava/lang/Object;)Z @ 8
Event: 3.994 Thread 0x000000001b4f0800 Uncommon trap: reason=class_check action=maybe_recompile pc=0x0000000003113128 method=java.lang.String.equals(Ljava/lang/Object;)Z @ 8
Event: 3.994 Thread 0x000000001b4f0800 Uncommon trap: reason=class_check action=maybe_recompile pc=0x0000000003113128 method=java.lang.String.equals(Ljava/lang/Object;)Z @ 8
Event: 4.007 Thread 0x000000001b4f0800 Uncommon trap: reason=class_check action=maybe_recompile pc=0x0000000003113128 method=java.lang.String.equals(Ljava/lang/Object;)Z @ 8
Event: 4.039 Thread 0x000000001b4f0800 Uncommon trap: reason=unstable_if action=reinterpret pc=0x000000000330de5c method=java.lang.String.regionMatches(ZILjava/lang/String;II)Z @ 123
Event: 4.125 Thread 0x000000001b4f0800 Uncommon trap: reason=unstable_if action=reinterpret pc=0x00000000032ab078 method=sun.net.www.ParseUtil.encodePath(Ljava/lang/String;Z)Ljava/lang/String; @ 109
Event: 5.621 Thread 0x000000001b4f0800 Uncommon trap: reason=unstable_if action=reinterpret pc=0x00000000033ffa20 method=java.util.HashMap$HashIterator.<init>(Ljava/util/HashMap;)V @ 45

Classes redefined (0 events):
No events

Internal exceptions (10 events):
Event: 20.995 Thread 0x000000001b640000 Exception <a 'java/lang/OutOfMemoryError'> (0x00000000866c8150) thrown at [C:\re\workspace\8-2-build-windows-amd64-cygwin\jdk8u181\11358\hotspot\src\share\vm\gc_interface/collectedHeap.inline.hpp, line 159]
Event: 21.066 Thread 0x000000001b640000 Exception <a 'java/lang/OutOfMemoryError'> (0x00000000866c8150) thrown at [C:\re\workspace\8-2-build-windows-amd64-cygwin\jdk8u181\11358\hotspot\src\share\vm\gc_interface/collectedHeap.inline.hpp, line 159]
Event: 21.158 Thread 0x000000001b640000 Exception <a 'java/lang/OutOfMemoryError'> (0x00000000866c8150) thrown at [C:\re\workspace\8-2-build-windows-amd64-cygwin\jdk8u181\11358\hotspot\src\share\vm\gc_interface/collectedHeap.inline.hpp, line 159]
Event: 21.242 Thread 0x000000001b640000 Exception <a 'java/lang/OutOfMemoryError'> (0x00000000866c8150) thrown at [C:\re\workspace\8-2-build-windows-amd64-cygwin\jdk8u181\11358\hotspot\src\share\vm\gc_interface/collectedHeap.inline.hpp, line 159]
Event: 21.323 Thread 0x000000001b640000 Exception <a 'java/lang/OutOfMemoryError'> (0x00000000866c8150) thrown at [C:\re\workspace\8-2-build-windows-amd64-cygwin\jdk8u181\11358\hotspot\src\share\vm\gc_interface/collectedHeap.inline.hpp, line 159]
Event: 21.416 Thread 0x000000001b640000 Exception <a 'java/lang/OutOfMemoryError'> (0x00000000866c8150) thrown at [C:\re\workspace\8-2-build-windows-amd64-cygwin\jdk8u181\11358\hotspot\src\share\vm\gc_interface/collectedHeap.inline.hpp, line 159]
Event: 21.514 Thread 0x000000001b640000 Exception <a 'java/lang/OutOfMemoryError'> (0x00000000866c8150) thrown at [C:\re\workspace\8-2-build-windows-amd64-cygwin\jdk8u181\11358\hotspot\src\share\vm\gc_interface/collectedHeap.inline.hpp, line 159]
Event: 21.596 Thread 0x000000001b640000 Exception <a 'java/lang/OutOfMemoryError'> (0x00000000866c8150) thrown at [C:\re\workspace\8-2-build-windows-amd64-cygwin\jdk8u181\11358\hotspot\src\share\vm\gc_interface/collectedHeap.inline.hpp, line 159]
Event: 21.676 Thread 0x000000001b640000 Exception <a 'java/lang/OutOfMemoryError'> (0x00000000866c8150) thrown at [C:\re\workspace\8-2-build-windows-amd64-cygwin\jdk8u181\11358\hotspot\src\share\vm\gc_interface/collectedHeap.inline.hpp, line 159]
Event: 21.755 Thread 0x000000001b640000 Exception <a 'java/lang/OutOfMemoryError'> (0x00000000866c8150) thrown at [C:\re\workspace\8-2-build-windows-amd64-cygwin\jdk8u181\11358\hotspot\src\share\vm\gc_interface/collectedHeap.inline.hpp, line 159]

Events (10 events):
Event: 21.342 Executing VM operation: ParallelGCFailedAllocation
Event: 21.416 Executing VM operation: ParallelGCFailedAllocation done
Event: 21.441 Executing VM operation: ParallelGCFailedAllocation
Event: 21.514 Executing VM operation: ParallelGCFailedAllocation done
Event: 21.541 Executing VM operation: ParallelGCFailedAllocation
Event: 21.596 Executing VM operation: ParallelGCFailedAllocation done
Event: 21.616 Executing VM operation: ParallelGCFailedAllocation
Event: 21.676 Executing VM operation: ParallelGCFailedAllocation done
Event: 21.694 Executing VM operation: ParallelGCFailedAllocation
Event: 21.755 Executing VM operation: ParallelGCFailedAllocation done


Dynamic libraries:
0x00007ff717490000 - 0x00007ff7174c7000 	C:\Program Files\Java\jre1.8.0_181\bin\javaw.exe
0x00007ff9cece0000 - 0x00007ff9ceec1000 	C:\WINDOWS\SYSTEM32\ntdll.dll
0x00007ff9ce500000 - 0x00007ff9ce5b2000 	C:\WINDOWS\System32\KERNEL32.DLL
0x00007ff9cb880000 - 0x00007ff9cbaf3000 	C:\WINDOWS\System32\KERNELBASE.dll
0x0000000065d50000 - 0x000000006606b000 	C:\Program Files\Norton Security\NortonData\22.11.1.5\Definitions\IPSDefs\20181129.063\IPSEng64.dll
0x00007ff9ceba0000 - 0x00007ff9cec41000 	C:\WINDOWS\System32\ADVAPI32.dll
0x00007ff9ce2b0000 - 0x00007ff9ce34e000 	C:\WINDOWS\System32\msvcrt.dll
0x00007ff9ce0c0000 - 0x00007ff9ce11b000 	C:\WINDOWS\System32\sechost.dll
0x00007ff9ce3d0000 - 0x00007ff9ce4f4000 	C:\WINDOWS\System32\RPCRT4.dll
0x00007ff9cc700000 - 0x00007ff9cc708000 	C:\WINDOWS\System32\PSAPI.DLL
0x00007ff9cc4d0000 - 0x00007ff9cc660000 	C:\WINDOWS\System32\USER32.dll
0x00007ff9cb0b0000 - 0x00007ff9cb0d0000 	C:\WINDOWS\System32\win32u.dll
0x00007ff9cc4a0000 - 0x00007ff9cc4c8000 	C:\WINDOWS\System32\GDI32.dll
0x00007ff9cbfd0000 - 0x00007ff9cc162000 	C:\WINDOWS\System32\gdi32full.dll
0x00007ff9cb0d0000 - 0x00007ff9cb16f000 	C:\WINDOWS\System32\msvcp_win.dll
0x00007ff9cbed0000 - 0x00007ff9cbfca000 	C:\WINDOWS\System32\ucrtbase.dll
0x00007ff9be830000 - 0x00007ff9bea99000 	C:\WINDOWS\WinSxS\amd64_microsoft.windows.common-controls_6595b64144ccf1df_6.0.17134.407_none_fb449d63306391e9\COMCTL32.dll
0x00007ff9cc170000 - 0x00007ff9cc492000 	C:\WINDOWS\System32\combase.dll
0x00007ff9cbbb0000 - 0x00007ff9cbc2a000 	C:\WINDOWS\System32\bcryptPrimitives.dll
0x00007ff9cc660000 - 0x00007ff9cc68d000 	C:\WINDOWS\System32\IMM32.DLL
0x00000000659e0000 - 0x0000000065ab2000 	C:\Program Files\Java\jre1.8.0_181\bin\msvcr100.dll
0x0000000064e30000 - 0x00000000656d2000 	C:\Program Files\Java\jre1.8.0_181\bin\server\jvm.dll
0x00007ff9b63f0000 - 0x00007ff9b63f9000 	C:\WINDOWS\SYSTEM32\WSOCK32.dll
0x00007ff9cc690000 - 0x00007ff9cc6fc000 	C:\WINDOWS\System32\WS2_32.dll
0x00007ff9c91f0000 - 0x00007ff9c9213000 	C:\WINDOWS\SYSTEM32\WINMM.dll
0x00007ff9c4510000 - 0x00007ff9c451a000 	C:\WINDOWS\SYSTEM32\VERSION.dll
0x00007ff9c8fa0000 - 0x00007ff9c8fca000 	C:\WINDOWS\SYSTEM32\WINMMBASE.dll
0x00007ff9cbb00000 - 0x00007ff9cbb49000 	C:\WINDOWS\System32\cfgmgr32.dll
0x0000000066150000 - 0x000000006615f000 	C:\Program Files\Java\jre1.8.0_181\bin\verify.dll
0x0000000066120000 - 0x0000000066149000 	C:\Program Files\Java\jre1.8.0_181\bin\java.dll
0x0000000066100000 - 0x0000000066116000 	C:\Program Files\Java\jre1.8.0_181\bin\zip.dll
0x00007ff9cc7c0000 - 0x00007ff9cdbff000 	C:\WINDOWS\System32\SHELL32.dll
0x00007ff9cc710000 - 0x00007ff9cc7b9000 	C:\WINDOWS\System32\shcore.dll
0x00007ff9cb170000 - 0x00007ff9cb87d000 	C:\WINDOWS\System32\windows.storage.dll
0x00007ff9cec50000 - 0x00007ff9ceca1000 	C:\WINDOWS\System32\shlwapi.dll
0x00007ff9cb050000 - 0x00007ff9cb061000 	C:\WINDOWS\System32\kernel.appcore.dll
0x00007ff9cb090000 - 0x00007ff9cb0af000 	C:\WINDOWS\System32\profapi.dll
0x00007ff9cb000000 - 0x00007ff9cb04c000 	C:\WINDOWS\System32\powrprof.dll
0x00007ff9caff0000 - 0x00007ff9caffa000 	C:\WINDOWS\System32\FLTLIB.DLL
0x0000000002d60000 - 0x0000000002d63000 	C:\Program Files\Java\jre1.8.0_181\bin\api-ms-win-core-console-l1-1-0.dll
0x0000000002d70000 - 0x0000000002d73000 	C:\Program Files\Java\jre1.8.0_181\bin\api-ms-win-core-datetime-l1-1-0.dll
0x0000000002d80000 - 0x0000000002d83000 	C:\Program Files\Java\jre1.8.0_181\bin\api-ms-win-core-debug-l1-1-0.dll
0x0000000002d90000 - 0x0000000002d93000 	C:\Program Files\Java\jre1.8.0_181\bin\api-ms-win-core-errorhandling-l1-1-0.dll
0x0000000002da0000 - 0x0000000002da4000 	C:\Program Files\Java\jre1.8.0_181\bin\api-ms-win-core-file-l1-1-0.dll
0x0000000002db0000 - 0x0000000002db3000 	C:\Program Files\Java\jre1.8.0_181\bin\api-ms-win-core-file-l1-2-0.dll
0x0000000002dc0000 - 0x0000000002dc3000 	C:\Program Files\Java\jre1.8.0_181\bin\api-ms-win-core-file-l2-1-0.dll
0x0000000002dd0000 - 0x0000000002dd3000 	C:\Program Files\Java\jre1.8.0_181\bin\api-ms-win-core-handle-l1-1-0.dll
0x000000001bc20000 - 0x000000001bc23000 	C:\Program Files\Java\jre1.8.0_181\bin\api-ms-win-core-heap-l1-1-0.dll
0x000000001bc30000 - 0x000000001bc33000 	C:\Program Files\Java\jre1.8.0_181\bin\api-ms-win-core-interlocked-l1-1-0.dll
0x000000001bc40000 - 0x000000001bc43000 	C:\Program Files\Java\jre1.8.0_181\bin\api-ms-win-core-libraryloader-l1-1-0.dll
0x000000001bc50000 - 0x000000001bc53000 	C:\Program Files\Java\jre1.8.0_181\bin\api-ms-win-core-localization-l1-2-0.dll
0x000000001bc60000 - 0x000000001bc63000 	C:\Program Files\Java\jre1.8.0_181\bin\api-ms-win-core-memory-l1-1-0.dll
0x000000001bc70000 - 0x000000001bc73000 	C:\Program Files\Java\jre1.8.0_181\bin\api-ms-win-core-namedpipe-l1-1-0.dll
0x000000001bc80000 - 0x000000001bc83000 	C:\Program Files\Java\jre1.8.0_181\bin\api-ms-win-core-processenvironment-l1-1-0.dll
0x000000001bc90000 - 0x000000001bc93000 	C:\Program Files\Java\jre1.8.0_181\bin\api-ms-win-core-processthreads-l1-1-0.dll
0x000000001bca0000 - 0x000000001bca3000 	C:\Program Files\Java\jre1.8.0_181\bin\api-ms-win-core-processthreads-l1-1-1.dll
0x000000001bcb0000 - 0x000000001bcb3000 	C:\Program Files\Java\jre1.8.0_181\bin\api-ms-win-core-profile-l1-1-0.dll
0x000000001bcc0000 - 0x000000001bcc3000 	C:\Program Files\Java\jre1.8.0_181\bin\api-ms-win-core-rtlsupport-l1-1-0.dll
0x000000001bcd0000 - 0x000000001bcd3000 	C:\Program Files\Java\jre1.8.0_181\bin\api-ms-win-core-string-l1-1-0.dll
0x000000001bce0000 - 0x000000001bce3000 	C:\Program Files\Java\jre1.8.0_181\bin\api-ms-win-core-synch-l1-1-0.dll
0x000000001bcf0000 - 0x000000001bcf3000 	C:\Program Files\Java\jre1.8.0_181\bin\api-ms-win-core-synch-l1-2-0.dll
0x000000001bd00000 - 0x000000001bd03000 	C:\Program Files\Java\jre1.8.0_181\bin\api-ms-win-core-sysinfo-l1-1-0.dll
0x000000001bd10000 - 0x000000001bd13000 	C:\Program Files\Java\jre1.8.0_181\bin\api-ms-win-core-timezone-l1-1-0.dll
0x000000001bd20000 - 0x000000001bd23000 	C:\Program Files\Java\jre1.8.0_181\bin\api-ms-win-core-util-l1-1-0.dll
0x000000001bd30000 - 0x000000001bd33000 	C:\Program Files\Java\jre1.8.0_181\bin\api-ms-win-crt-conio-l1-1-0.dll
0x000000001bd40000 - 0x000000001bd44000 	C:\Program Files\Java\jre1.8.0_181\bin\api-ms-win-crt-convert-l1-1-0.dll
0x000000001bd50000 - 0x000000001bd53000 	C:\Program Files\Java\jre1.8.0_181\bin\api-ms-win-crt-environment-l1-1-0.dll
0x000000001bd60000 - 0x000000001bd63000 	C:\Program Files\Java\jre1.8.0_181\bin\api-ms-win-crt-filesystem-l1-1-0.dll
0x000000001bd70000 - 0x000000001bd73000 	C:\Program Files\Java\jre1.8.0_181\bin\api-ms-win-crt-heap-l1-1-0.dll
0x000000001bd80000 - 0x000000001bd83000 	C:\Program Files\Java\jre1.8.0_181\bin\api-ms-win-crt-locale-l1-1-0.dll
0x000000001bd90000 - 0x000000001bd95000 	C:\Program Files\Java\jre1.8.0_181\bin\api-ms-win-crt-math-l1-1-0.dll
0x000000001bda0000 - 0x000000001bda5000 	C:\Program Files\Java\jre1.8.0_181\bin\api-ms-win-crt-multibyte-l1-1-0.dll
0x000000001bdb0000 - 0x000000001bdc0000 	C:\Program Files\Java\jre1.8.0_181\bin\api-ms-win-crt-private-l1-1-0.dll
0x000000001bdc0000 - 0x000000001bdc3000 	C:\Program Files\Java\jre1.8.0_181\bin\api-ms-win-crt-process-l1-1-0.dll
0x000000001bdd0000 - 0x000000001bdd4000 	C:\Program Files\Java\jre1.8.0_181\bin\api-ms-win-crt-runtime-l1-1-0.dll
0x000000001bde0000 - 0x000000001bde4000 	C:\Program Files\Java\jre1.8.0_181\bin\api-ms-win-crt-stdio-l1-1-0.dll
0x000000001bdf0000 - 0x000000001bdf4000 	C:\Program Files\Java\jre1.8.0_181\bin\api-ms-win-crt-string-l1-1-0.dll
0x000000001be00000 - 0x000000001be03000 	C:\Program Files\Java\jre1.8.0_181\bin\api-ms-win-crt-time-l1-1-0.dll
0x000000001be10000 - 0x000000001be13000 	C:\Program Files\Java\jre1.8.0_181\bin\api-ms-win-crt-utility-l1-1-0.dll
0x00007ff9a5a60000 - 0x00007ff9a5b56000 	C:\Program Files\Java\jre1.8.0_181\bin\ucrtbase.dll
0x00007ff9beeb0000 - 0x00007ff9beec6000 	C:\Program Files\Java\jre1.8.0_181\bin\vcruntime140.dll
0x00007ff99d8d0000 - 0x00007ff99d96c000 	C:\Program Files\Java\jre1.8.0_181\bin\msvcp140.dll
0x00007ff99cfa0000 - 0x00007ff99cff1000 	C:\Program Files\Java\jre1.8.0_181\bin\concrt140.dll
0x0000000065d20000 - 0x0000000065d43000 	C:\Program Files\Java\jre1.8.0_181\bin\prism_d3d.dll
0x00007ff9c3850000 - 0x00007ff9c39e7000 	C:\WINDOWS\system32\d3d9.dll
0x00007ff9c96a0000 - 0x00007ff9c96c9000 	C:\WINDOWS\SYSTEM32\dwmapi.dll
0x00007ff9c95d0000 - 0x00007ff9c9668000 	C:\WINDOWS\system32\uxtheme.dll
0x00007ff984270000 - 0x00007ff9874e4000 	C:\WINDOWS\System32\DriverStore\FileRepository\igdlh64.inf_amd64_e0192a3c6242af1f\igd9dxva64.dll
0x00007ff9ce690000 - 0x00007ff9ce7e1000 	C:\WINDOWS\System32\ole32.dll
0x00007ff9ce5c0000 - 0x00007ff9ce682000 	C:\WINDOWS\System32\OLEAUT32.dll
0x0000000065cd0000 - 0x0000000065d19000 	C:\Program Files\Java\jre1.8.0_181\bin\glass.dll
0x00007ff9ce9b0000 - 0x00007ff9cea9d000 	C:\WINDOWS\System32\COMDLG32.dll
0x00007ff9ce120000 - 0x00007ff9ce293000 	C:\WINDOWS\System32\MSCTF.dll
0x00007ff99c3c0000 - 0x00007ff99c3fd000 	C:\ProgramData\A-Volute\A-Volute.Nahimic\Modules\Scheduled\x64\Nahimic3DevProps.dll
0x00007ff99f7c0000 - 0x00007ff99f827000 	C:\ProgramData\A-Volute\A-Volute.Nahimic\Modules\Scheduled\x64\NahimicOSD.dll
0x00007ff9ceb00000 - 0x00007ff9ceba0000 	C:\WINDOWS\System32\clbcatq.dll
0x00007ff9bd710000 - 0x00007ff9bd786000 	C:\WINDOWS\System32\MMDevApi.dll
0x00007ff9cae00000 - 0x00007ff9cae27000 	C:\WINDOWS\System32\DEVOBJ.dll
0x00007ff9c79e0000 - 0x00007ff9c7b94000 	C:\WINDOWS\System32\PROPSYS.dll
0x00007ff9b9de0000 - 0x00007ff9b9f0c000 	C:\WINDOWS\SYSTEM32\AUDIOSES.DLL
0x00007ff9c7060000 - 0x00007ff9c71ad000 	C:\WINDOWS\SYSTEM32\wintypes.dll
0x00007ff9c6ac0000 - 0x00007ff9c6aca000 	C:\WINDOWS\SYSTEM32\AVRT.dll
0x00000000659c0000 - 0x00000000659d4000 	C:\Program Files\Java\jre1.8.0_181\bin\javafx_font.dll
0x00007ff9c1c80000 - 0x00007ff9c1f9c000 	C:\WINDOWS\SYSTEM32\dwrite.dll
0x0000000064e00000 - 0x0000000064e23000 	C:\Program Files\Java\jre1.8.0_181\bin\javafx_iio.dll
0x00007ff9c6c80000 - 0x00007ff9c6e2e000 	C:\WINDOWS\SYSTEM32\WindowsCodecs.dll
0x00007ff9c14f0000 - 0x00007ff9c1586000 	C:\WINDOWS\System32\TextInputFramework.dll
0x00007ff9c6290000 - 0x00007ff9c65ae000 	C:\WINDOWS\System32\CoreUIComponents.dll
0x00007ff9c8fd0000 - 0x00007ff9c90aa000 	C:\WINDOWS\System32\CoreMessaging.dll
0x00007ff9ca0e0000 - 0x00007ff9ca111000 	C:\WINDOWS\SYSTEM32\ntmarta.dll
0x0000000064de0000 - 0x0000000064df2000 	C:\Program Files\Java\jre1.8.0_181\bin\prism_common.dll

VM Arguments:
jvm_args: -Dfile.encoding=Cp1252 
java_command: application.Main
java_class_path (initial): C:\Program Files\Java\jre1.8.0_181\lib\resources.jar;C:\Program Files\Java\jre1.8.0_181\lib\rt.jar;C:\Program Files\Java\jre1.8.0_181\lib\jsse.jar;C:\Program Files\Java\jre1.8.0_181\lib\jce.jar;C:\Program Files\Java\jre1.8.0_181\lib\charsets.jar;C:\Program Files\Java\jre1.8.0_181\lib\jfr.jar;C:\Program Files\Java\jre1.8.0_181\lib\ext\access-bridge-64.jar;C:\Program Files\Java\jre1.8.0_181\lib\ext\cldrdata.jar;C:\Program Files\Java\jre1.8.0_181\lib\ext\dnsns.jar;C:\Program Files\Java\jre1.8.0_181\lib\ext\jaccess.jar;C:\Program Files\Java\jre1.8.0_181\lib\ext\jfxrt.jar;C:\Program Files\Java\jre1.8.0_181\lib\ext\localedata.jar;C:\Program Files\Java\jre1.8.0_181\lib\ext\nashorn.jar;C:\Program Files\Java\jre1.8.0_181\lib\ext\sunec.jar;C:\Program Files\Java\jre1.8.0_181\lib\ext\sunjce_provider.jar;C:\Program Files\Java\jre1.8.0_181\lib\ext\sunmscapi.jar;C:\Program Files\Java\jre1.8.0_181\lib\ext\sunpkcs11.jar;C:\Program Files\Java\jre1.8.0_181\lib\ext\zipfs.jar;D:\eclips-workspace\Dianosaur\bin;C:\Users\user\.p2\pool\plugins\org.eclipse.fx.ide.css.jfx8_3.0.0.201705220750.jar
Launcher Type: SUN_STANDARD

Environment Variables:
USERNAME=user
OS=Windows_NT
PROCESSOR_IDENTIFIER=Intel64 Family 6 Model 158 Stepping 10, GenuineIntel



---------------  S Y S T E M  ---------------

OS: Windows 10.0 , 64 bit Build 17134 (10.0.17134.1)

CPU:total 12 (initial active 12) (6 cores per cpu, 2 threads per core) family 6 model 158 stepping 10, cmov, cx8, fxsr, mmx, sse, sse2, sse3, ssse3, sse4.1, sse4.2, popcnt, avx, avx2, aes, clmul, erms, 3dnowpref, lzcnt, ht, tsc, tscinvbit, bmi1, bmi2, adx

Memory: 4k page, physical 8231144k(750844k free), swap 23690340k(4516k free)

vm_info: Java HotSpot(TM) 64-Bit Server VM (25.181-b13) for windows-amd64 JRE (1.8.0_181-b13), built on Jul  7 2018 04:01:33 by "java_re" with MS VC++ 10.0 (VS2010)

time: Fri Nov 30 22:59:47 2018
elapsed time: 21 seconds (0d 0h 0m 21s)

