#
# There is insufficient memory for the Java Runtime Environment to continue.
# Native memory allocation (malloc) failed to allocate 32744 bytes for ChunkPool::allocate
# Possible reasons:
#   The system is out of physical RAM or swap space
#   In 32 bit mode, the process size limit was hit
# Possible solutions:
#   Reduce memory load on the system
#   Increase physical memory or swap space
#   Check if swap backing store is full
#   Use 64 bit Java on a 64 bit OS
#   Decrease Java heap size (-Xmx/-Xms)
#   Decrease number of Java threads
#   Decrease Java thread stack sizes (-Xss)
#   Set larger code cache with -XX:ReservedCodeCacheSize=
# This output file may be truncated or incomplete.
#
#  Out of Memory Error (allocation.cpp:273), pid=18708, tid=0x0000000000000a80
#
# JRE version: Java(TM) SE Runtime Environment (8.0_181-b13) (build 1.8.0_181-b13)
# Java VM: Java HotSpot(TM) 64-Bit Server VM (25.181-b13 mixed mode windows-amd64 compressed oops)
# Failed to write core dump. Minidumps are not enabled by default on client versions of Windows
#

---------------  T H R E A D  ---------------

Current thread (0x00000000191d2000):  JavaThread "C1 CompilerThread3" daemon [_thread_in_native, id=2688, stack(0x000000001ab00000,0x000000001ac00000)]

Stack: [0x000000001ab00000,0x000000001ac00000]
[error occurred during error reporting (printing stack bounds), id 0xc0000005]

Native frames: (J=compiled Java code, j=interpreted, Vv=VM code, C=native code)


Current CompileTask:
C1:   5799 1204       3       java.net.URLStreamHandler::parseURL (1193 bytes)


---------------  P R O C E S S  ---------------

Java Threads: ( => current thread )
  0x000000001b2d0000 JavaThread "Prism Font Disposer" daemon [_thread_blocked, id=9516, stack(0x0000000025040000,0x0000000025140000)]
  0x000000001b1c2800 JavaThread "Thread-4" [_thread_blocked, id=19908, stack(0x0000000022cf0000,0x0000000022df0000)]
  0x000000001b05c000 JavaThread "JavaFX-Launcher" [_thread_blocked, id=16724, stack(0x0000000022bf0000,0x0000000022cf0000)]
  0x000000001b037800 JavaThread "Thread-2" daemon [_thread_in_native, id=19224, stack(0x0000000022af0000,0x0000000022bf0000)]
  0x000000001b029800 JavaThread "JavaFX Application Thread" [_thread_blocked, id=10356, stack(0x000000001bd00000,0x000000001be00000)]
  0x000000001b021800 JavaThread "Thread-1" daemon [_thread_blocked, id=14600, stack(0x000000001bc00000,0x000000001bd00000)]
  0x000000001afec800 JavaThread "QuantumRenderer-0" daemon [_thread_in_Java, id=22092, stack(0x000000001b7e0000,0x000000001b8e0000)]
  0x000000001924d800 JavaThread "Service Thread" daemon [_thread_blocked, id=13212, stack(0x000000001ac00000,0x000000001ad00000)]
=>0x00000000191d2000 JavaThread "C1 CompilerThread3" daemon [_thread_in_native, id=2688, stack(0x000000001ab00000,0x000000001ac00000)]
  0x00000000191d1800 JavaThread "C2 CompilerThread2" daemon [_thread_blocked, id=6912, stack(0x000000001aa00000,0x000000001ab00000)]
  0x00000000191cb800 JavaThread "C2 CompilerThread1" daemon [_thread_blocked, id=16340, stack(0x000000001a900000,0x000000001aa00000)]
  0x00000000191c5800 JavaThread "C2 CompilerThread0" daemon [_thread_blocked, id=10776, stack(0x000000001a800000,0x000000001a900000)]
  0x00000000191bf800 JavaThread "Attach Listener" daemon [_thread_blocked, id=3028, stack(0x000000001a700000,0x000000001a800000)]
  0x00000000191be000 JavaThread "Signal Dispatcher" daemon [_thread_blocked, id=24356, stack(0x000000001a600000,0x000000001a700000)]
  0x00000000191b3000 JavaThread "Finalizer" daemon [_thread_blocked, id=16984, stack(0x000000001a410000,0x000000001a510000)]
  0x00000000029ea000 JavaThread "Reference Handler" daemon [_thread_blocked, id=14768, stack(0x000000001a310000,0x000000001a410000)]
  0x00000000028ee800 JavaThread "main" [_thread_blocked, id=7732, stack(0x0000000002780000,0x0000000002880000)]

Other Threads:
  0x0000000017ae6800 VMThread [stack: 0x000000001a210000,0x000000001a310000] [id=14912]
  0x000000001924f000 WatcherThread [stack: 0x000000001ad00000,0x000000001ae00000] [id=23396]

VM state:not at safepoint (normal execution)

VM Mutex/Monitor currently owned by a thread: None

Heap:
 PSYoungGen      total 37888K, used 10215K [0x00000000d6200000, 0x00000000dac00000, 0x0000000100000000)
  eden space 32768K, 31% used [0x00000000d6200000,0x00000000d6bf9fe0,0x00000000d8200000)
  from space 5120K, 0% used [0x00000000d8200000,0x00000000d8200000,0x00000000d8700000)
  to   space 5120K, 0% used [0x00000000da700000,0x00000000da700000,0x00000000dac00000)
 ParOldGen       total 86016K, used 70395K [0x0000000082600000, 0x0000000087a00000, 0x00000000d6200000)
  object space 86016K, 81% used [0x0000000082600000,0x0000000086abefd8,0x0000000087a00000)
 Metaspace       used 12846K, capacity 13438K, committed 13568K, reserved 1060864K
  class space    used 1787K, capacity 1988K, committed 2048K, reserved 1048576K

Card table byte_map: [0x0000000011db0000,0x00000000121a0000] byte_map_base: 0x000000001199d000

Marking Bits: (ParMarkBitMap*) 0x0000000065652d00
 Begin Bits: [0x0000000012e40000, 0x0000000014da8000)
 End Bits:   [0x0000000014da8000, 0x0000000016d10000)

Polling page: 0x00000000026c0000

CodeCache: size=245760Kb used=4041Kb max_used=4041Kb free=241718Kb
 bounds [0x00000000029f0000, 0x0000000002df0000, 0x00000000119f0000]
 total_blobs=1834 nmethods=1203 adapters=543
 compilation: enabled

Compilation events (10 events):
Event: 5.715 Thread 0x00000000191d2000 nmethod 1197 0x0000000002ddddd0 code [0x0000000002dde000, 0x0000000002ddf068]
Event: 5.715 Thread 0x00000000191d2000 1198       3       com.sun.prism.d3d.D3DShader::enable (52 bytes)
Event: 5.715 Thread 0x00000000191d2000 nmethod 1198 0x0000000002ddf690 code [0x0000000002ddf820, 0x0000000002ddfcd8]
Event: 5.744 Thread 0x00000000191d2000 1200       3       javafx.scene.Node::updateBounds (174 bytes)
Event: 5.746 Thread 0x00000000191d2000 nmethod 1200 0x0000000002ddfe90 code [0x0000000002de0180, 0x0000000002de2118]
Event: 5.753 Thread 0x00000000191d2000 1201       3       com.sun.prism.d3d.D3DContext::updateShaderTransform (87 bytes)
Event: 5.755 Thread 0x00000000191d2000 nmethod 1201 0x0000000002de2d10 code [0x0000000002de2f60, 0x0000000002de3cd8]
Event: 5.776 Thread 0x00000000191d2000 1203       3       sun.net.www.protocol.file.Handler::parseURL (18 bytes)
Event: 5.777 Thread 0x00000000191d2000 nmethod 1203 0x0000000002de4150 code [0x0000000002de42c0, 0x0000000002de4538]
Event: 5.777 Thread 0x00000000191d2000 1204       3       java.net.URLStreamHandler::parseURL (1193 bytes)

GC Heap History (8 events):
Event: 3.897 GC heap before
{Heap before GC invocations=1 (full 0):
 PSYoungGen      total 37888K, used 32474K [0x00000000d6200000, 0x00000000d8c00000, 0x0000000100000000)
  eden space 32768K, 99% used [0x00000000d6200000,0x00000000d81b6850,0x00000000d8200000)
  from space 5120K, 0% used [0x00000000d8700000,0x00000000d8700000,0x00000000d8c00000)
  to   space 5120K, 0% used [0x00000000d8200000,0x00000000d8200000,0x00000000d8700000)
 ParOldGen       total 86016K, used 0K [0x0000000082600000, 0x0000000087a00000, 0x00000000d6200000)
  object space 86016K, 0% used [0x0000000082600000,0x0000000082600000,0x0000000087a00000)
 Metaspace       used 10319K, capacity 10690K, committed 10880K, reserved 1058816K
  class space    used 1426K, capacity 1542K, committed 1664K, reserved 1048576K
Event: 3.921 GC heap after
Heap after GC invocations=1 (full 0):
 PSYoungGen      total 37888K, used 5105K [0x00000000d6200000, 0x00000000d8c00000, 0x0000000100000000)
  eden space 32768K, 0% used [0x00000000d6200000,0x00000000d6200000,0x00000000d8200000)
  from space 5120K, 99% used [0x00000000d8200000,0x00000000d86fc580,0x00000000d8700000)
  to   space 5120K, 0% used [0x00000000d8700000,0x00000000d8700000,0x00000000d8c00000)
 ParOldGen       total 86016K, used 9200K [0x0000000082600000, 0x0000000087a00000, 0x00000000d6200000)
  object space 86016K, 10% used [0x0000000082600000,0x0000000082efc128,0x0000000087a00000)
 Metaspace       used 10319K, capacity 10690K, committed 10880K, reserved 1058816K
  class space    used 1426K, capacity 1542K, committed 1664K, reserved 1048576K
}
Event: 4.582 GC heap before
{Heap before GC invocations=2 (full 0):
 PSYoungGen      total 37888K, used 37751K [0x00000000d6200000, 0x00000000d8c00000, 0x0000000100000000)
  eden space 32768K, 99% used [0x00000000d6200000,0x00000000d81e17a8,0x00000000d8200000)
  from space 5120K, 99% used [0x00000000d8200000,0x00000000d86fc580,0x00000000d8700000)
  to   space 5120K, 0% used [0x00000000d8700000,0x00000000d8700000,0x00000000d8c00000)
 ParOldGen       total 86016K, used 9200K [0x0000000082600000, 0x0000000087a00000, 0x00000000d6200000)
  object space 86016K, 10% used [0x0000000082600000,0x0000000082efc128,0x0000000087a00000)
 Metaspace       used 12610K, capacity 13126K, committed 13312K, reserved 1060864K
  class space    used 1771K, capacity 1954K, committed 2048K, reserved 1048576K
Event: 4.596 GC heap after
Heap after GC invocations=2 (full 0):
 PSYoungGen      total 37888K, used 5117K [0x00000000d6200000, 0x00000000dac00000, 0x0000000100000000)
  eden space 32768K, 0% used [0x00000000d6200000,0x00000000d6200000,0x00000000d8200000)
  from space 5120K, 99% used [0x00000000d8700000,0x00000000d8bff440,0x00000000d8c00000)
  to   space 5120K, 0% used [0x00000000d8200000,0x00000000d8200000,0x00000000d8700000)
 ParOldGen       total 86016K, used 37861K [0x0000000082600000, 0x0000000087a00000, 0x00000000d6200000)
  object space 86016K, 44% used [0x0000000082600000,0x0000000084af95e8,0x0000000087a00000)
 Metaspace       used 12610K, capacity 13126K, committed 13312K, reserved 1060864K
  class space    used 1771K, capacity 1954K, committed 2048K, reserved 1048576K
}
Event: 5.474 GC heap before
{Heap before GC invocations=3 (full 0):
 PSYoungGen      total 37888K, used 37077K [0x00000000d6200000, 0x00000000dac00000, 0x0000000100000000)
  eden space 32768K, 97% used [0x00000000d6200000,0x00000000d81361e8,0x00000000d8200000)
  from space 5120K, 99% used [0x00000000d8700000,0x00000000d8bff440,0x00000000d8c00000)
  to   space 5120K, 0% used [0x00000000d8200000,0x00000000d8200000,0x00000000d8700000)
 ParOldGen       total 86016K, used 37861K [0x0000000082600000, 0x0000000087a00000, 0x00000000d6200000)
  object space 86016K, 44% used [0x0000000082600000,0x0000000084af95e8,0x0000000087a00000)
 Metaspace       used 12831K, capacity 13430K, committed 13568K, reserved 1060864K
  class space    used 1787K, capacity 1988K, committed 2048K, reserved 1048576K
Event: 5.489 GC heap after
Heap after GC invocations=3 (full 0):
 PSYoungGen      total 37888K, used 5117K [0x00000000d6200000, 0x00000000dac00000, 0x0000000100000000)
  eden space 32768K, 0% used [0x00000000d6200000,0x00000000d6200000,0x00000000d8200000)
  from space 5120K, 99% used [0x00000000d8200000,0x00000000d86ff440,0x00000000d8700000)
  to   space 5120K, 0% used [0x00000000da700000,0x00000000da700000,0x00000000dac00000)
 ParOldGen       total 86016K, used 67497K [0x0000000082600000, 0x0000000087a00000, 0x00000000d6200000)
  object space 86016K, 78% used [0x0000000082600000,0x00000000867ea528,0x0000000087a00000)
 Metaspace       used 12831K, capacity 13430K, committed 13568K, reserved 1060864K
  class space    used 1787K, capacity 1988K, committed 2048K, reserved 1048576K
}
Event: 5.489 GC heap before
{Heap before GC invocations=4 (full 1):
 PSYoungGen      total 37888K, used 5117K [0x00000000d6200000, 0x00000000dac00000, 0x0000000100000000)
  eden space 32768K, 0% used [0x00000000d6200000,0x00000000d6200000,0x00000000d8200000)
  from space 5120K, 99% used [0x00000000d8200000,0x00000000d86ff440,0x00000000d8700000)
  to   space 5120K, 0% used [0x00000000da700000,0x00000000da700000,0x00000000dac00000)
 ParOldGen       total 86016K, used 67497K [0x0000000082600000, 0x0000000087a00000, 0x00000000d6200000)
  object space 86016K, 78% used [0x0000000082600000,0x00000000867ea528,0x0000000087a00000)
 Metaspace       used 12831K, capacity 13430K, committed 13568K, reserved 1060864K
  class space    used 1787K, capacity 1988K, committed 2048K, reserved 1048576K
Event: 5.536 GC heap after
Heap after GC invocations=4 (full 1):
 PSYoungGen      total 37888K, used 0K [0x00000000d6200000, 0x00000000dac00000, 0x0000000100000000)
  eden space 32768K, 0% used [0x00000000d6200000,0x00000000d6200000,0x00000000d8200000)
  from space 5120K, 0% used [0x00000000d8200000,0x00000000d8200000,0x00000000d8700000)
  to   space 5120K, 0% used [0x00000000da700000,0x00000000da700000,0x00000000dac00000)
 ParOldGen       total 86016K, used 70395K [0x0000000082600000, 0x0000000087a00000, 0x00000000d6200000)
  object space 86016K, 81% used [0x0000000082600000,0x0000000086abefd8,0x0000000087a00000)
 Metaspace       used 12831K, capacity 13430K, committed 13568K, reserved 1060864K
  class space    used 1787K, capacity 1988K, committed 2048K, reserved 1048576K
}

Deoptimization events (10 events):
Event: 4.215 Thread 0x000000001b029800 Uncommon trap: reason=class_check action=maybe_recompile pc=0x0000000002c57360 method=java.io.DataInputStream.readShort()S @ 4
Event: 4.216 Thread 0x000000001b029800 Uncommon trap: reason=class_check action=maybe_recompile pc=0x0000000002c57360 method=java.io.DataInputStream.readShort()S @ 4
Event: 4.216 Thread 0x000000001b029800 Uncommon trap: reason=class_check action=maybe_recompile pc=0x0000000002c57360 method=java.io.DataInputStream.readShort()S @ 4
Event: 4.216 Thread 0x000000001b029800 Uncommon trap: reason=class_check action=maybe_recompile pc=0x0000000002c57360 method=java.io.DataInputStream.readShort()S @ 4
Event: 4.221 Thread 0x000000001b029800 Uncommon trap: reason=class_check action=maybe_recompile pc=0x0000000002b12ea8 method=java.lang.String.equals(Ljava/lang/Object;)Z @ 8
Event: 4.221 Thread 0x000000001b029800 Uncommon trap: reason=class_check action=maybe_recompile pc=0x0000000002b12ea8 method=java.lang.String.equals(Ljava/lang/Object;)Z @ 8
Event: 4.221 Thread 0x000000001b029800 Uncommon trap: reason=class_check action=maybe_recompile pc=0x0000000002b12ea8 method=java.lang.String.equals(Ljava/lang/Object;)Z @ 8
Event: 4.229 Thread 0x000000001b029800 Uncommon trap: reason=class_check action=maybe_recompile pc=0x0000000002b12ea8 method=java.lang.String.equals(Ljava/lang/Object;)Z @ 8
Event: 4.271 Thread 0x000000001b029800 Uncommon trap: reason=unstable_if action=reinterpret pc=0x0000000002d0ec5c method=java.lang.String.regionMatches(ZILjava/lang/String;II)Z @ 123
Event: 4.342 Thread 0x000000001b029800 Uncommon trap: reason=unstable_if action=reinterpret pc=0x0000000002ca98b8 method=sun.net.www.ParseUtil.encodePath(Ljava/lang/String;Z)Ljava/lang/String; @ 109

Classes redefined (0 events):
No events

Internal exceptions (10 events):
Event: 0.771 Thread 0x00000000028ee800 Exception <a 'java/lang/NoSuchFieldError': method resolution failed> (0x00000000d643e4b0) thrown at [C:\re\workspace\8-2-build-windows-amd64-cygwin\jdk8u181\11358\hotspot\src\share\vm\prims\methodHandles.cpp, line 1167]
Event: 0.858 Thread 0x00000000028ee800 Exception <a 'java/security/PrivilegedActionException'> (0x00000000d64c6d78) thrown at [C:\re\workspace\8-2-build-windows-amd64-cygwin\jdk8u181\11358\hotspot\src\share\vm\prims\jvm.cpp, line 1435]
Event: 0.858 Thread 0x00000000028ee800 Exception <a 'java/security/PrivilegedActionException'> (0x00000000d64c6f88) thrown at [C:\re\workspace\8-2-build-windows-amd64-cygwin\jdk8u181\11358\hotspot\src\share\vm\prims\jvm.cpp, line 1435]
Event: 0.868 Thread 0x00000000028ee800 Exception <a 'java/security/PrivilegedActionException'> (0x00000000d64cabf8) thrown at [C:\re\workspace\8-2-build-windows-amd64-cygwin\jdk8u181\11358\hotspot\src\share\vm\prims\jvm.cpp, line 1435]
Event: 0.868 Thread 0x00000000028ee800 Exception <a 'java/security/PrivilegedActionException'> (0x00000000d64cae08) thrown at [C:\re\workspace\8-2-build-windows-amd64-cygwin\jdk8u181\11358\hotspot\src\share\vm\prims\jvm.cpp, line 1435]
Event: 0.871 Thread 0x00000000028ee800 Exception <a 'java/lang/NullPointerException'> (0x00000000d64cb3e0) thrown at [C:\re\workspace\8-2-build-windows-amd64-cygwin\jdk8u181\11358\hotspot\src\share\vm\interpreter\linkResolver.cpp, line 1185]
Event: 3.047 Thread 0x000000001b029800 Exception <a 'java/lang/NullPointerException'> (0x00000000d6e23f08) thrown at [C:\re\workspace\8-2-build-windows-amd64-cygwin\jdk8u181\11358\hotspot\src\share\vm\interpreter\linkResolver.cpp, line 1185]
Event: 3.047 Thread 0x000000001b029800 Exception <a 'java/lang/NullPointerException'> (0x00000000d6e23f08) thrown at [C:\re\workspace\8-2-build-windows-amd64-cygwin\jdk8u181\11358\hotspot\src\share\vm\prims\jvm.cpp, line 1439]
Event: 3.557 Thread 0x000000001b029800 Implicit null exception at 0x0000000002c73ab5 to 0x0000000002c73cc5
Event: 4.113 Thread 0x000000001b029800 Exception <a 'java/io/FileNotFoundException'> (0x00000000d6a157b0) thrown at [C:\re\workspace\8-2-build-windows-amd64-cygwin\jdk8u181\11358\hotspot\src\share\vm\prims\jni.cpp, line 709]

Events (10 events):
Event: 5.551 Executing VM operation: RevokeBias
Event: 5.551 Executing VM operation: RevokeBias done
Event: 5.551 Executing VM operation: BulkRevokeBias
Event: 5.551 Executing VM operation: BulkRevokeBias done
Event: 5.551 Executing VM operation: BulkRevokeBias
Event: 5.552 Executing VM operation: BulkRevokeBias done
Event: 5.552 Executing VM operation: BulkRevokeBias
Event: 5.552 Executing VM operation: BulkRevokeBias done
Event: 5.582 Executing VM operation: BulkRevokeBias
Event: 5.583 Executing VM operation: BulkRevokeBias done


Dynamic libraries:
0x00007ff717490000 - 0x00007ff7174c7000 	C:\Program Files\Java\jre1.8.0_181\bin\javaw.exe
0x00007ff9cece0000 - 0x00007ff9ceec1000 	C:\WINDOWS\SYSTEM32\ntdll.dll
0x00007ff9ce500000 - 0x00007ff9ce5b2000 	C:\WINDOWS\System32\KERNEL32.DLL
0x00007ff9cb880000 - 0x00007ff9cbaf3000 	C:\WINDOWS\System32\KERNELBASE.dll
0x0000000065d50000 - 0x000000006606b000 	C:\Program Files\Norton Security\NortonData\22.11.1.5\Definitions\IPSDefs\20181129.063\IPSEng64.dll
0x00007ff9ceba0000 - 0x00007ff9cec41000 	C:\WINDOWS\System32\ADVAPI32.dll
0x00007ff9ce2b0000 - 0x00007ff9ce34e000 	C:\WINDOWS\System32\msvcrt.dll
0x00007ff9ce0c0000 - 0x00007ff9ce11b000 	C:\WINDOWS\System32\sechost.dll
0x00007ff9ce3d0000 - 0x00007ff9ce4f4000 	C:\WINDOWS\System32\RPCRT4.dll
0x00007ff9cc700000 - 0x00007ff9cc708000 	C:\WINDOWS\System32\PSAPI.DLL
0x00007ff9cc4d0000 - 0x00007ff9cc660000 	C:\WINDOWS\System32\USER32.dll
0x00007ff9cb0b0000 - 0x00007ff9cb0d0000 	C:\WINDOWS\System32\win32u.dll
0x00007ff9cc4a0000 - 0x00007ff9cc4c8000 	C:\WINDOWS\System32\GDI32.dll
0x00007ff9cbfd0000 - 0x00007ff9cc162000 	C:\WINDOWS\System32\gdi32full.dll
0x00007ff9cb0d0000 - 0x00007ff9cb16f000 	C:\WINDOWS\System32\msvcp_win.dll
0x00007ff9cbed0000 - 0x00007ff9cbfca000 	C:\WINDOWS\System32\ucrtbase.dll
0x00007ff9be830000 - 0x00007ff9bea99000 	C:\WINDOWS\WinSxS\amd64_microsoft.windows.common-controls_6595b64144ccf1df_6.0.17134.407_none_fb449d63306391e9\COMCTL32.dll
0x00007ff9cc170000 - 0x00007ff9cc492000 	C:\WINDOWS\System32\combase.dll
0x00007ff9cbbb0000 - 0x00007ff9cbc2a000 	C:\WINDOWS\System32\bcryptPrimitives.dll
0x00007ff9cc660000 - 0x00007ff9cc68d000 	C:\WINDOWS\System32\IMM32.DLL
0x00000000659e0000 - 0x0000000065ab2000 	C:\Program Files\Java\jre1.8.0_181\bin\msvcr100.dll
0x0000000064e30000 - 0x00000000656d2000 	C:\Program Files\Java\jre1.8.0_181\bin\server\jvm.dll
0x00007ff9b63f0000 - 0x00007ff9b63f9000 	C:\WINDOWS\SYSTEM32\WSOCK32.dll
0x00007ff9cc690000 - 0x00007ff9cc6fc000 	C:\WINDOWS\System32\WS2_32.dll
0x00007ff9c91f0000 - 0x00007ff9c9213000 	C:\WINDOWS\SYSTEM32\WINMM.dll
0x00007ff9c4510000 - 0x00007ff9c451a000 	C:\WINDOWS\SYSTEM32\VERSION.dll
0x00007ff9c8fa0000 - 0x00007ff9c8fca000 	C:\WINDOWS\SYSTEM32\WINMMBASE.dll
0x00007ff9cbb00000 - 0x00007ff9cbb49000 	C:\WINDOWS\System32\cfgmgr32.dll
0x0000000066150000 - 0x000000006615f000 	C:\Program Files\Java\jre1.8.0_181\bin\verify.dll
0x0000000066120000 - 0x0000000066149000 	C:\Program Files\Java\jre1.8.0_181\bin\java.dll
0x0000000066100000 - 0x0000000066116000 	C:\Program Files\Java\jre1.8.0_181\bin\zip.dll
0x00007ff9cc7c0000 - 0x00007ff9cdbff000 	C:\WINDOWS\System32\SHELL32.dll
0x00007ff9cc710000 - 0x00007ff9cc7b9000 	C:\WINDOWS\System32\shcore.dll
0x00007ff9cb170000 - 0x00007ff9cb87d000 	C:\WINDOWS\System32\windows.storage.dll
0x00007ff9cec50000 - 0x00007ff9ceca1000 	C:\WINDOWS\System32\shlwapi.dll
0x00007ff9cb050000 - 0x00007ff9cb061000 	C:\WINDOWS\System32\kernel.appcore.dll
0x00007ff9cb090000 - 0x00007ff9cb0af000 	C:\WINDOWS\System32\profapi.dll
0x00007ff9cb000000 - 0x00007ff9cb04c000 	C:\WINDOWS\System32\powrprof.dll
0x00007ff9caff0000 - 0x00007ff9caffa000 	C:\WINDOWS\System32\FLTLIB.DLL
0x0000000002730000 - 0x0000000002733000 	C:\Program Files\Java\jre1.8.0_181\bin\api-ms-win-core-console-l1-1-0.dll
0x0000000002740000 - 0x0000000002743000 	C:\Program Files\Java\jre1.8.0_181\bin\api-ms-win-core-datetime-l1-1-0.dll
0x0000000002750000 - 0x0000000002753000 	C:\Program Files\Java\jre1.8.0_181\bin\api-ms-win-core-debug-l1-1-0.dll
0x0000000002760000 - 0x0000000002763000 	C:\Program Files\Java\jre1.8.0_181\bin\api-ms-win-core-errorhandling-l1-1-0.dll
0x0000000002880000 - 0x0000000002884000 	C:\Program Files\Java\jre1.8.0_181\bin\api-ms-win-core-file-l1-1-0.dll
0x0000000002890000 - 0x0000000002893000 	C:\Program Files\Java\jre1.8.0_181\bin\api-ms-win-core-file-l1-2-0.dll
0x00000000028a0000 - 0x00000000028a3000 	C:\Program Files\Java\jre1.8.0_181\bin\api-ms-win-core-file-l2-1-0.dll
0x00000000028b0000 - 0x00000000028b3000 	C:\Program Files\Java\jre1.8.0_181\bin\api-ms-win-core-handle-l1-1-0.dll
0x00000000028c0000 - 0x00000000028c3000 	C:\Program Files\Java\jre1.8.0_181\bin\api-ms-win-core-heap-l1-1-0.dll
0x00000000028d0000 - 0x00000000028d3000 	C:\Program Files\Java\jre1.8.0_181\bin\api-ms-win-core-interlocked-l1-1-0.dll
0x000000001ae00000 - 0x000000001ae03000 	C:\Program Files\Java\jre1.8.0_181\bin\api-ms-win-core-libraryloader-l1-1-0.dll
0x000000001ae10000 - 0x000000001ae13000 	C:\Program Files\Java\jre1.8.0_181\bin\api-ms-win-core-localization-l1-2-0.dll
0x000000001ae20000 - 0x000000001ae23000 	C:\Program Files\Java\jre1.8.0_181\bin\api-ms-win-core-memory-l1-1-0.dll
0x000000001ae30000 - 0x000000001ae33000 	C:\Program Files\Java\jre1.8.0_181\bin\api-ms-win-core-namedpipe-l1-1-0.dll
0x000000001ae40000 - 0x000000001ae43000 	C:\Program Files\Java\jre1.8.0_181\bin\api-ms-win-core-processenvironment-l1-1-0.dll
0x000000001ae50000 - 0x000000001ae53000 	C:\Program Files\Java\jre1.8.0_181\bin\api-ms-win-core-processthreads-l1-1-0.dll
0x000000001ae60000 - 0x000000001ae63000 	C:\Program Files\Java\jre1.8.0_181\bin\api-ms-win-core-processthreads-l1-1-1.dll
0x000000001ae70000 - 0x000000001ae73000 	C:\Program Files\Java\jre1.8.0_181\bin\api-ms-win-core-profile-l1-1-0.dll
0x000000001ae80000 - 0x000000001ae83000 	C:\Program Files\Java\jre1.8.0_181\bin\api-ms-win-core-rtlsupport-l1-1-0.dll
0x000000001ae90000 - 0x000000001ae93000 	C:\Program Files\Java\jre1.8.0_181\bin\api-ms-win-core-string-l1-1-0.dll
0x000000001aea0000 - 0x000000001aea3000 	C:\Program Files\Java\jre1.8.0_181\bin\api-ms-win-core-synch-l1-1-0.dll
0x000000001aeb0000 - 0x000000001aeb3000 	C:\Program Files\Java\jre1.8.0_181\bin\api-ms-win-core-synch-l1-2-0.dll
0x000000001aec0000 - 0x000000001aec3000 	C:\Program Files\Java\jre1.8.0_181\bin\api-ms-win-core-sysinfo-l1-1-0.dll
0x000000001aed0000 - 0x000000001aed3000 	C:\Program Files\Java\jre1.8.0_181\bin\api-ms-win-core-timezone-l1-1-0.dll
0x000000001aee0000 - 0x000000001aee3000 	C:\Program Files\Java\jre1.8.0_181\bin\api-ms-win-core-util-l1-1-0.dll
0x000000001aef0000 - 0x000000001aef3000 	C:\Program Files\Java\jre1.8.0_181\bin\api-ms-win-crt-conio-l1-1-0.dll
0x000000001af00000 - 0x000000001af04000 	C:\Program Files\Java\jre1.8.0_181\bin\api-ms-win-crt-convert-l1-1-0.dll
0x000000001af10000 - 0x000000001af13000 	C:\Program Files\Java\jre1.8.0_181\bin\api-ms-win-crt-environment-l1-1-0.dll
0x000000001af20000 - 0x000000001af23000 	C:\Program Files\Java\jre1.8.0_181\bin\api-ms-win-crt-filesystem-l1-1-0.dll
0x000000001af30000 - 0x000000001af33000 	C:\Program Files\Java\jre1.8.0_181\bin\api-ms-win-crt-heap-l1-1-0.dll
0x000000001af40000 - 0x000000001af43000 	C:\Program Files\Java\jre1.8.0_181\bin\api-ms-win-crt-locale-l1-1-0.dll
0x000000001af50000 - 0x000000001af55000 	C:\Program Files\Java\jre1.8.0_181\bin\api-ms-win-crt-math-l1-1-0.dll
0x000000001af60000 - 0x000000001af65000 	C:\Program Files\Java\jre1.8.0_181\bin\api-ms-win-crt-multibyte-l1-1-0.dll
0x000000001af70000 - 0x000000001af80000 	C:\Program Files\Java\jre1.8.0_181\bin\api-ms-win-crt-private-l1-1-0.dll
0x000000001af80000 - 0x000000001af83000 	C:\Program Files\Java\jre1.8.0_181\bin\api-ms-win-crt-process-l1-1-0.dll
0x000000001af90000 - 0x000000001af94000 	C:\Program Files\Java\jre1.8.0_181\bin\api-ms-win-crt-runtime-l1-1-0.dll
0x000000001afa0000 - 0x000000001afa4000 	C:\Program Files\Java\jre1.8.0_181\bin\api-ms-win-crt-stdio-l1-1-0.dll
0x000000001afb0000 - 0x000000001afb4000 	C:\Program Files\Java\jre1.8.0_181\bin\api-ms-win-crt-string-l1-1-0.dll
0x000000001afc0000 - 0x000000001afc3000 	C:\Program Files\Java\jre1.8.0_181\bin\api-ms-win-crt-time-l1-1-0.dll
0x000000001afd0000 - 0x000000001afd3000 	C:\Program Files\Java\jre1.8.0_181\bin\api-ms-win-crt-utility-l1-1-0.dll
0x00007ff9a5a60000 - 0x00007ff9a5b56000 	C:\Program Files\Java\jre1.8.0_181\bin\ucrtbase.dll
0x00007ff9beeb0000 - 0x00007ff9beec6000 	C:\Program Files\Java\jre1.8.0_181\bin\vcruntime140.dll
0x00007ff99d8d0000 - 0x00007ff99d96c000 	C:\Program Files\Java\jre1.8.0_181\bin\msvcp140.dll
0x00007ff99cfa0000 - 0x00007ff99cff1000 	C:\Program Files\Java\jre1.8.0_181\bin\concrt140.dll
0x0000000065d20000 - 0x0000000065d43000 	C:\Program Files\Java\jre1.8.0_181\bin\prism_d3d.dll
0x00007ff9c3850000 - 0x00007ff9c39e7000 	C:\WINDOWS\system32\d3d9.dll
0x00007ff9c96a0000 - 0x00007ff9c96c9000 	C:\WINDOWS\SYSTEM32\dwmapi.dll
0x00007ff9c95d0000 - 0x00007ff9c9668000 	C:\WINDOWS\system32\uxtheme.dll
0x00007ff98c370000 - 0x00007ff98c55f000 	C:\WINDOWS\System32\DriverStore\FileRepository\igdlh64.inf_amd64_e0192a3c6242af1f\igdumdim64.dll
0x00007ff984270000 - 0x00007ff9874e4000 	C:\WINDOWS\System32\DriverStore\FileRepository\igdlh64.inf_amd64_e0192a3c6242af1f\igd9dxva64.dll
0x00007ff9ce690000 - 0x00007ff9ce7e1000 	C:\WINDOWS\System32\ole32.dll
0x00007ff9ce5c0000 - 0x00007ff9ce682000 	C:\WINDOWS\System32\OLEAUT32.dll
0x0000000065cd0000 - 0x0000000065d19000 	C:\Program Files\Java\jre1.8.0_181\bin\glass.dll
0x00007ff9ce9b0000 - 0x00007ff9cea9d000 	C:\WINDOWS\System32\COMDLG32.dll
0x00007ff9ce120000 - 0x00007ff9ce293000 	C:\WINDOWS\System32\MSCTF.dll
0x00007ff99c3c0000 - 0x00007ff99c3fd000 	C:\ProgramData\A-Volute\A-Volute.Nahimic\Modules\Scheduled\x64\Nahimic3DevProps.dll
0x00007ff99f7c0000 - 0x00007ff99f827000 	C:\ProgramData\A-Volute\A-Volute.Nahimic\Modules\Scheduled\x64\NahimicOSD.dll
0x00007ff98f940000 - 0x00007ff991720000 	C:\WINDOWS\System32\DriverStore\FileRepository\igdlh64.inf_amd64_e0192a3c6242af1f\igc64.dll
0x00007ff9ceb00000 - 0x00007ff9ceba0000 	C:\WINDOWS\System32\clbcatq.dll
0x00007ff9bd710000 - 0x00007ff9bd786000 	C:\WINDOWS\System32\MMDevApi.dll
0x00007ff9cae00000 - 0x00007ff9cae27000 	C:\WINDOWS\System32\DEVOBJ.dll
0x00007ff9c79e0000 - 0x00007ff9c7b94000 	C:\WINDOWS\System32\PROPSYS.dll
0x00007ff9b9de0000 - 0x00007ff9b9f0c000 	C:\WINDOWS\SYSTEM32\AUDIOSES.DLL
0x00007ff9c7060000 - 0x00007ff9c71ad000 	C:\WINDOWS\SYSTEM32\wintypes.dll
0x00007ff9c6ac0000 - 0x00007ff9c6aca000 	C:\WINDOWS\SYSTEM32\AVRT.dll
0x00000000659c0000 - 0x00000000659d4000 	C:\Program Files\Java\jre1.8.0_181\bin\javafx_font.dll
0x00007ff9c1c80000 - 0x00007ff9c1f9c000 	C:\WINDOWS\SYSTEM32\dwrite.dll
0x0000000064e00000 - 0x0000000064e23000 	C:\Program Files\Java\jre1.8.0_181\bin\javafx_iio.dll
0x00007ff9c6c80000 - 0x00007ff9c6e2e000 	C:\WINDOWS\SYSTEM32\WindowsCodecs.dll
0x00007ff9bc6d0000 - 0x00007ff9bc728000 	C:\WINDOWS\system32\dataexchange.dll
0x00007ff9c81c0000 - 0x00007ff9c84cb000 	C:\WINDOWS\system32\d3d11.dll
0x00007ff9c8ac0000 - 0x00007ff9c8c5c000 	C:\WINDOWS\system32\dcomp.dll
0x00007ff9c9db0000 - 0x00007ff9c9e6b000 	C:\WINDOWS\system32\dxgi.dll
0x00007ff9c96d0000 - 0x00007ff9c9888000 	C:\WINDOWS\system32\twinapi.appcore.dll
0x00007ff9c9940000 - 0x00007ff9c9961000 	C:\WINDOWS\system32\RMCLIENT.dll
0x00007ff9c3c10000 - 0x00007ff9c3c44000 	C:\Program Files\Common Files\Microsoft Shared\Ink\rtscom.dll
0x00007ff9c14f0000 - 0x00007ff9c1586000 	C:\WINDOWS\System32\TextInputFramework.dll
0x00007ff9c6290000 - 0x00007ff9c65ae000 	C:\WINDOWS\System32\CoreUIComponents.dll
0x00007ff9c8fd0000 - 0x00007ff9c90aa000 	C:\WINDOWS\System32\CoreMessaging.dll
0x00007ff9ca0e0000 - 0x00007ff9ca111000 	C:\WINDOWS\SYSTEM32\ntmarta.dll
0x0000000064de0000 - 0x0000000064df2000 	C:\Program Files\Java\jre1.8.0_181\bin\prism_common.dll

VM Arguments:
jvm_args: -Dfile.encoding=Cp1252 
java_command: application.Main
java_class_path (initial): C:\Program Files\Java\jre1.8.0_181\lib\resources.jar;C:\Program Files\Java\jre1.8.0_181\lib\rt.jar;C:\Program Files\Java\jre1.8.0_181\lib\jsse.jar;C:\Program Files\Java\jre1.8.0_181\lib\jce.jar;C:\Program Files\Java\jre1.8.0_181\lib\charsets.jar;C:\Program Files\Java\jre1.8.0_181\lib\jfr.jar;C:\Program Files\Java\jre1.8.0_181\lib\ext\access-bridge-64.jar;C:\Program Files\Java\jre1.8.0_181\lib\ext\cldrdata.jar;C:\Program Files\Java\jre1.8.0_181\lib\ext\dnsns.jar;C:\Program Files\Java\jre1.8.0_181\lib\ext\jaccess.jar;C:\Program Files\Java\jre1.8.0_181\lib\ext\jfxrt.jar;C:\Program Files\Java\jre1.8.0_181\lib\ext\localedata.jar;C:\Program Files\Java\jre1.8.0_181\lib\ext\nashorn.jar;C:\Program Files\Java\jre1.8.0_181\lib\ext\sunec.jar;C:\Program Files\Java\jre1.8.0_181\lib\ext\sunjce_provider.jar;C:\Program Files\Java\jre1.8.0_181\lib\ext\sunmscapi.jar;C:\Program Files\Java\jre1.8.0_181\lib\ext\sunpkcs11.jar;C:\Program Files\Java\jre1.8.0_181\lib\ext\zipfs.jar;D:\eclips-workspace\Dianosaur\bin;C:\Users\user\.p2\pool\plugins\org.eclipse.fx.ide.css.jfx8_3.0.0.201705220750.jar
Launcher Type: SUN_STANDARD

Environment Variables:
USERNAME=user
OS=Windows_NT
PROCESSOR_IDENTIFIER=Intel64 Family 6 Model 158 Stepping 10, GenuineIntel



---------------  S Y S T E M  ---------------

OS: Windows 10.0 , 64 bit Build 17134 (10.0.17134.1)

CPU:total 12 (initial active 12) (6 cores per cpu, 2 threads per core) family 6 model 158 stepping 10, cmov, cx8, fxsr, mmx, sse, sse2, sse3, ssse3, sse4.1, sse4.2, popcnt, avx, avx2, aes, clmul, erms, 3dnowpref, lzcnt, ht, tsc, tscinvbit, bmi1, bmi2, adx

Memory: 4k page, physical 8231144k(605272k free), swap 23690340k(4360k free)

vm_info: Java HotSpot(TM) 64-Bit Server VM (25.181-b13) for windows-amd64 JRE (1.8.0_181-b13), built on Jul  7 2018 04:01:33 by "java_re" with MS VC++ 10.0 (VS2010)

time: Fri Nov 30 22:58:36 2018
elapsed time: 5 seconds (0d 0h 0m 5s)

